[2025-05-06 23:24:18,530] INFO Registered kafka:type=kafka.Log4jController MBean (kafka.utils.Log4jControllerRegistration$)
[2025-05-06 23:24:19,102] INFO Registered signal handlers for TERM, INT, HUP (org.apache.kafka.common.utils.LoggingSignalHandler)
[2025-05-06 23:24:19,106] INFO [ControllerServer id=1] Starting controller (kafka.server.ControllerServer)
[2025-05-06 23:24:19,576] INFO Updated connection-accept-rate max connection creation rate to 2147483647 (kafka.network.ConnectionQuotas)
[2025-05-06 23:24:19,636] INFO [SocketServer listenerType=CONTROLLER, nodeId=1] Created data-plane acceptor and processors for endpoint : ListenerName(CONTROLLER) (kafka.network.SocketServer)
[2025-05-06 23:24:19,648] INFO authorizerStart completed for endpoint CONTROLLER. Endpoint is now READY. (org.apache.kafka.server.network.EndpointReadyFutures)
[2025-05-06 23:24:19,651] INFO [SharedServer id=1] Starting SharedServer (kafka.server.SharedServer)
[2025-05-06 23:24:19,717] INFO [LogLoader partition=__cluster_metadata-0, dir=/tmp/kraft-combined-logs] Recovering unflushed segment 0. 0 recovered for __cluster_metadata-0. (org.apache.kafka.storage.internals.log.LogLoader)
[2025-05-06 23:24:19,730] INFO [LogLoader partition=__cluster_metadata-0, dir=/tmp/kraft-combined-logs] Loading producer state till offset 0 (org.apache.kafka.storage.internals.log.UnifiedLog)
[2025-05-06 23:24:19,731] INFO [LogLoader partition=__cluster_metadata-0, dir=/tmp/kraft-combined-logs] Reloading from producer snapshot and rebuilding producer state from offset 0 (org.apache.kafka.storage.internals.log.UnifiedLog)
[2025-05-06 23:24:19,732] INFO Deleted producer state snapshot /tmp/kraft-combined-logs/__cluster_metadata-0/00000000000000003152.snapshot (org.apache.kafka.storage.internals.log.SnapshotFile)
[2025-05-06 23:24:19,733] INFO Deleted producer state snapshot /tmp/kraft-combined-logs/__cluster_metadata-0/00000000000000003364.snapshot (org.apache.kafka.storage.internals.log.SnapshotFile)
[2025-05-06 23:24:19,737] INFO [LogLoader partition=__cluster_metadata-0, dir=/tmp/kraft-combined-logs] Producer state recovery took 1ms for snapshot load and 0ms for segment recovery from offset 0 (org.apache.kafka.storage.internals.log.UnifiedLog)
[2025-05-06 23:24:19,815] INFO [ProducerStateManager partition=__cluster_metadata-0] Wrote producer snapshot at offset 3364 with 0 producer ids in 17 ms. (org.apache.kafka.storage.internals.log.ProducerStateManager)
[2025-05-06 23:24:19,823] INFO [LogLoader partition=__cluster_metadata-0, dir=/tmp/kraft-combined-logs] Loading producer state till offset 3364 (org.apache.kafka.storage.internals.log.UnifiedLog)
[2025-05-06 23:24:19,824] INFO [LogLoader partition=__cluster_metadata-0, dir=/tmp/kraft-combined-logs] Reloading from producer snapshot and rebuilding producer state from offset 3364 (org.apache.kafka.storage.internals.log.UnifiedLog)
[2025-05-06 23:24:19,827] INFO [ProducerStateManager partition=__cluster_metadata-0] Loading producer state from snapshot file 'SnapshotFile(offset=3364, file=/tmp/kraft-combined-logs/__cluster_metadata-0/00000000000000003364.snapshot)' (org.apache.kafka.storage.internals.log.ProducerStateManager)
[2025-05-06 23:24:19,828] INFO [LogLoader partition=__cluster_metadata-0, dir=/tmp/kraft-combined-logs] Producer state recovery took 4ms for snapshot load and 0ms for segment recovery from offset 3364 (org.apache.kafka.storage.internals.log.UnifiedLog)
[2025-05-06 23:24:19,871] INFO Initialized snapshots with IDs SortedSet(OffsetAndEpoch(offset=0, epoch=0)) from /tmp/kraft-combined-logs/__cluster_metadata-0 (kafka.raft.KafkaMetadataLog$)
[2025-05-06 23:24:19,888] INFO [raft-expiration-reaper]: Starting (kafka.raft.TimingWheelExpirationService$ExpiredOperationReaper)
[2025-05-06 23:24:19,898] INFO [RaftManager id=1] Starting request manager with bootstrap servers: [localhost:9093 (id: -2 rack: null isFenced: false)] (org.apache.kafka.raft.KafkaRaftClient)
[2025-05-06 23:24:19,905] INFO [RaftManager id=1] Reading KRaft snapshot and log as part of the initialization (org.apache.kafka.raft.KafkaRaftClient)
[2025-05-06 23:24:19,908] INFO [RaftManager id=1] Loading snapshot (OffsetAndEpoch(offset=0, epoch=0)) since log start offset (0) is greater than the internal listener's next offset (-1) (org.apache.kafka.raft.internals.KRaftControlRecordStateMachine)
[2025-05-06 23:24:19,918] INFO [RaftManager id=1] Latest kraft.version is KRAFT_VERSION_1 at offset -1 (org.apache.kafka.raft.internals.KRaftControlRecordStateMachine)
[2025-05-06 23:24:19,921] INFO [RaftManager id=1] Latest set of voters is VoterSet(voters={1=VoterNode(voterKey=ReplicaKey(id=1, directoryId=Ap0KxLqxS5mlmjyxLHvsWQ), listeners=Endpoints(endpoints={ListenerName(CONTROLLER)=localhost/<unresolved>:9093}), supportedKRaftVersion=SupportedVersionRange[min_version:0, max_version:1])}) at offset -1 (org.apache.kafka.raft.internals.KRaftControlRecordStateMachine)
[2025-05-06 23:24:19,929] INFO [RaftManager id=1] Latest kraft.version is KRAFT_VERSION_1 at offset 1 (org.apache.kafka.raft.internals.KRaftControlRecordStateMachine)
[2025-05-06 23:24:19,930] INFO [RaftManager id=1] Latest set of voters is VoterSet(voters={1=VoterNode(voterKey=ReplicaKey(id=1, directoryId=Ap0KxLqxS5mlmjyxLHvsWQ), listeners=Endpoints(endpoints={ListenerName(CONTROLLER)=localhost/<unresolved>:9093}), supportedKRaftVersion=SupportedVersionRange[min_version:0, max_version:1])}) at offset 2 (org.apache.kafka.raft.internals.KRaftControlRecordStateMachine)
[2025-05-06 23:24:19,974] INFO [RaftManager id=1] Starting voters are VoterSet(voters={1=VoterNode(voterKey=ReplicaKey(id=1, directoryId=Ap0KxLqxS5mlmjyxLHvsWQ), listeners=Endpoints(endpoints={ListenerName(CONTROLLER)=localhost/<unresolved>:9093}), supportedKRaftVersion=SupportedVersionRange[min_version:0, max_version:1])}) (org.apache.kafka.raft.KafkaRaftClient)
[2025-05-06 23:24:19,999] INFO [RaftManager id=1] Attempting durable transition to ResignedState(localId=1, epoch=19, voters=[1], electionTimeoutMs=1438, unackedVoters=[], preferredSuccessors=[]) from null (org.apache.kafka.raft.QuorumState)
[2025-05-06 23:24:20,040] INFO [RaftManager id=1] Completed transition to ResignedState(localId=1, epoch=19, voters=[1], electionTimeoutMs=1438, unackedVoters=[], preferredSuccessors=[]) from null (org.apache.kafka.raft.QuorumState)
[2025-05-06 23:24:20,047] INFO [RaftManager id=1] Completed transition to ProspectiveState(epoch=19, leaderId=OptionalInt[1], retries=1, votedKey=Optional.empty, epochElection=EpochElection(voterStates={1=VoterState(replicaKey=ReplicaKey(id=1, directoryId=Ap0KxLqxS5mlmjyxLHvsWQ), state=GRANTED)}), electionTimeoutMs=1370, highWatermark=Optional.empty) from ResignedState(localId=1, epoch=19, voters=[1], electionTimeoutMs=1438, unackedVoters=[], preferredSuccessors=[]) (org.apache.kafka.raft.QuorumState)
[2025-05-06 23:24:20,050] INFO [RaftManager id=1] Attempting durable transition to CandidateState(localId=1, localDirectoryId=Ap0KxLqxS5mlmjyxLHvsWQ, epoch=20, retries=1, epochElection=EpochElection(voterStates={1=VoterState(replicaKey=ReplicaKey(id=1, directoryId=Ap0KxLqxS5mlmjyxLHvsWQ), state=GRANTED)}), highWatermark=Optional.empty, electionTimeoutMs=1206) from ProspectiveState(epoch=19, leaderId=OptionalInt[1], retries=1, votedKey=Optional.empty, epochElection=EpochElection(voterStates={1=VoterState(replicaKey=ReplicaKey(id=1, directoryId=Ap0KxLqxS5mlmjyxLHvsWQ), state=GRANTED)}), electionTimeoutMs=1370, highWatermark=Optional.empty) (org.apache.kafka.raft.QuorumState)
[2025-05-06 23:24:20,063] INFO [RaftManager id=1] Completed transition to CandidateState(localId=1, localDirectoryId=Ap0KxLqxS5mlmjyxLHvsWQ, epoch=20, retries=1, epochElection=EpochElection(voterStates={1=VoterState(replicaKey=ReplicaKey(id=1, directoryId=Ap0KxLqxS5mlmjyxLHvsWQ), state=GRANTED)}), highWatermark=Optional.empty, electionTimeoutMs=1206) from ProspectiveState(epoch=19, leaderId=OptionalInt[1], retries=1, votedKey=Optional.empty, epochElection=EpochElection(voterStates={1=VoterState(replicaKey=ReplicaKey(id=1, directoryId=Ap0KxLqxS5mlmjyxLHvsWQ), state=GRANTED)}), electionTimeoutMs=1370, highWatermark=Optional.empty) (org.apache.kafka.raft.QuorumState)
[2025-05-06 23:24:20,070] INFO [RaftManager id=1] Attempting durable transition to Leader(localReplicaKey=ReplicaKey(id=1, directoryId=Ap0KxLqxS5mlmjyxLHvsWQ), epoch=20, epochStartOffset=3364, highWatermark=Optional.empty, voterStates={1=ReplicaState(replicaKey=ReplicaKey(id=1, directoryId=Ap0KxLqxS5mlmjyxLHvsWQ), endOffset=Optional.empty, lastFetchTimestamp=-1, lastCaughtUpTimestamp=-1, hasAcknowledgedLeader=true)}) from CandidateState(localId=1, localDirectoryId=Ap0KxLqxS5mlmjyxLHvsWQ, epoch=20, retries=1, epochElection=EpochElection(voterStates={1=VoterState(replicaKey=ReplicaKey(id=1, directoryId=Ap0KxLqxS5mlmjyxLHvsWQ), state=GRANTED)}), highWatermark=Optional.empty, electionTimeoutMs=1206) (org.apache.kafka.raft.QuorumState)
[2025-05-06 23:24:20,082] INFO [RaftManager id=1] Completed transition to Leader(localReplicaKey=ReplicaKey(id=1, directoryId=Ap0KxLqxS5mlmjyxLHvsWQ), epoch=20, epochStartOffset=3364, highWatermark=Optional.empty, voterStates={1=ReplicaState(replicaKey=ReplicaKey(id=1, directoryId=Ap0KxLqxS5mlmjyxLHvsWQ), endOffset=Optional.empty, lastFetchTimestamp=-1, lastCaughtUpTimestamp=-1, hasAcknowledgedLeader=true)}) from CandidateState(localId=1, localDirectoryId=Ap0KxLqxS5mlmjyxLHvsWQ, epoch=20, retries=1, epochElection=EpochElection(voterStates={1=VoterState(replicaKey=ReplicaKey(id=1, directoryId=Ap0KxLqxS5mlmjyxLHvsWQ), state=GRANTED)}), highWatermark=Optional.empty, electionTimeoutMs=1206) (org.apache.kafka.raft.QuorumState)
[2025-05-06 23:24:20,107] INFO [kafka-1-raft-outbound-request-thread]: Starting (org.apache.kafka.raft.KafkaNetworkChannel$SendThread)
[2025-05-06 23:24:20,107] INFO [kafka-1-raft-io-thread]: Starting (org.apache.kafka.raft.KafkaRaftClientDriver)
[2025-05-06 23:24:20,129] INFO [MetadataLoader id=1] initializeNewPublishers: the loader is still catching up because we still don't know the high water mark yet. (org.apache.kafka.image.loader.MetadataLoader)
[2025-05-06 23:24:20,131] INFO [ControllerServer id=1] Waiting for controller quorum voters future (kafka.server.ControllerServer)
[2025-05-06 23:24:20,132] INFO [ControllerServer id=1] Finished waiting for controller quorum voters future (kafka.server.ControllerServer)
[2025-05-06 23:24:20,135] INFO [RaftManager id=1] High watermark set to LogOffsetMetadata(offset=3365, metadata=Optional[(segmentBaseOffset=0,relativePositionInSegment=244687)]) for the first time for epoch 20 based on indexOfHw 0 and voters [ReplicaState(replicaKey=ReplicaKey(id=1, directoryId=Ap0KxLqxS5mlmjyxLHvsWQ), endOffset=Optional[LogOffsetMetadata(offset=3365, metadata=Optional[(segmentBaseOffset=0,relativePositionInSegment=244687)])], lastFetchTimestamp=-1, lastCaughtUpTimestamp=-1, hasAcknowledgedLeader=true)] (org.apache.kafka.raft.LeaderState)
[2025-05-06 23:24:20,164] INFO [RaftManager id=1] Registered the listener org.apache.kafka.image.loader.MetadataLoader@1794648817 (org.apache.kafka.raft.KafkaRaftClient)
[2025-05-06 23:24:20,167] INFO [MetadataLoader id=1] handleLoadSnapshot(00000000000000000000-0000000000): incrementing HandleLoadSnapshotCount to 1. (org.apache.kafka.image.loader.MetadataLoader)
[2025-05-06 23:24:20,174] INFO [MetadataLoader id=1] handleLoadSnapshot(00000000000000000000-0000000000): generated a metadata delta between offset -1 and this snapshot in 6281 us. (org.apache.kafka.image.loader.MetadataLoader)
[2025-05-06 23:24:20,176] INFO [MetadataLoader id=1] maybePublishMetadata(SNAPSHOT): The loader is still catching up because we have loaded up to offset -1, but the high water mark is 3365 (org.apache.kafka.image.loader.MetadataLoader)
[2025-05-06 23:24:20,178] INFO [MetadataLoader id=1] maybePublishMetadata(LOG_DELTA): The loader is still catching up because we have loaded up to offset 2, but the high water mark is 3365 (org.apache.kafka.image.loader.MetadataLoader)
[2025-05-06 23:24:20,183] INFO [RaftManager id=1] Registered the listener org.apache.kafka.controller.QuorumController$QuorumMetaLogListener@1559608565 (org.apache.kafka.raft.KafkaRaftClient)
[2025-05-06 23:24:20,192] INFO [controller-1-ThrottledChannelReaper-Fetch]: Starting (kafka.server.ClientQuotaManager$ThrottledChannelReaper)
[2025-05-06 23:24:20,192] INFO [controller-1-ThrottledChannelReaper-Produce]: Starting (kafka.server.ClientQuotaManager$ThrottledChannelReaper)
[2025-05-06 23:24:20,195] INFO [controller-1-ThrottledChannelReaper-Request]: Starting (kafka.server.ClientQuotaManager$ThrottledChannelReaper)
[2025-05-06 23:24:20,197] INFO [controller-1-ThrottledChannelReaper-ControllerMutation]: Starting (kafka.server.ClientQuotaManager$ThrottledChannelReaper)
[2025-05-06 23:24:20,258] INFO [ExpirationReaper-0-null]: Starting (org.apache.kafka.server.purgatory.DelayedOperationPurgatory$ExpiredOperationReaper)
[2025-05-06 23:24:20,289] INFO [ControllerServer id=1] Waiting for the controller metadata publishers to be installed (kafka.server.ControllerServer)
[2025-05-06 23:24:20,296] INFO [MetadataLoader id=1] maybePublishMetadata(LOG_DELTA): The loader finished catching up to the current high water mark of 3365 (org.apache.kafka.image.loader.MetadataLoader)
[2025-05-06 23:24:20,302] INFO [MetadataLoader id=1] InitializeNewPublishers: initializing SnapshotGenerator with a snapshot at offset 3364 (org.apache.kafka.image.loader.MetadataLoader)
[2025-05-06 23:24:20,304] INFO [ControllerServer id=1] Finished waiting for the controller metadata publishers to be installed (kafka.server.ControllerServer)
[2025-05-06 23:24:20,306] INFO [SocketServer listenerType=CONTROLLER, nodeId=1] Enabling request processing. (kafka.network.SocketServer)
[2025-05-06 23:24:20,307] INFO [MetadataLoader id=1] InitializeNewPublishers: initializing KRaftMetadataCachePublisher with a snapshot at offset 3364 (org.apache.kafka.image.loader.MetadataLoader)
[2025-05-06 23:24:20,307] INFO [MetadataLoader id=1] InitializeNewPublishers: initializing FeaturesPublisher with a snapshot at offset 3364 (org.apache.kafka.image.loader.MetadataLoader)
[2025-05-06 23:24:20,311] INFO [ControllerServer id=1] Loaded new metadata Features(metadataVersion=4.0-IV3, finalizedFeatures={group.version=1, transaction.version=2, metadata.version=25}, finalizedFeaturesEpoch=3364). (org.apache.kafka.metadata.publisher.FeaturesPublisher)
[2025-05-06 23:24:20,312] INFO [MetadataLoader id=1] InitializeNewPublishers: initializing ControllerRegistrationsPublisher with a snapshot at offset 3364 (org.apache.kafka.image.loader.MetadataLoader)
[2025-05-06 23:24:20,313] INFO [MetadataLoader id=1] InitializeNewPublishers: initializing ControllerRegistrationManager with a snapshot at offset 3364 (org.apache.kafka.image.loader.MetadataLoader)
[2025-05-06 23:24:20,313] INFO Awaiting socket connections on 0.0.0.0:9093. (kafka.network.DataPlaneAcceptor)
[2025-05-06 23:24:20,314] INFO [MetadataLoader id=1] InitializeNewPublishers: initializing DynamicConfigPublisher controller id=1 with a snapshot at offset 3364 (org.apache.kafka.image.loader.MetadataLoader)
[2025-05-06 23:24:20,315] INFO [ControllerRegistrationManager id=1 incarnation=reVFQEvGT0q6javPPN8qhg] Found registration for 6JVCzV07TvSrHmEVLs1mVQ instead of our incarnation. (kafka.server.ControllerRegistrationManager)
[2025-05-06 23:24:20,316] INFO [MetadataLoader id=1] InitializeNewPublishers: initializing DynamicClientQuotaPublisher controller id=1 with a snapshot at offset 3364 (org.apache.kafka.image.loader.MetadataLoader)
[2025-05-06 23:24:20,319] INFO [MetadataLoader id=1] InitializeNewPublishers: initializing DynamicTopicClusterQuotaPublisher controller id=1 with a snapshot at offset 3364 (org.apache.kafka.image.loader.MetadataLoader)
[2025-05-06 23:24:20,320] INFO [MetadataLoader id=1] InitializeNewPublishers: initializing ScramPublisher controller id=1 with a snapshot at offset 3364 (org.apache.kafka.image.loader.MetadataLoader)
[2025-05-06 23:24:20,322] INFO [MetadataLoader id=1] InitializeNewPublishers: initializing DelegationTokenPublisher controller id=1 with a snapshot at offset 3364 (org.apache.kafka.image.loader.MetadataLoader)
[2025-05-06 23:24:20,325] INFO [MetadataLoader id=1] InitializeNewPublishers: initializing ControllerMetadataMetricsPublisher with a snapshot at offset 3364 (org.apache.kafka.image.loader.MetadataLoader)
[2025-05-06 23:24:20,326] INFO [MetadataLoader id=1] InitializeNewPublishers: initializing AclPublisher controller id=1 with a snapshot at offset 3364 (org.apache.kafka.image.loader.MetadataLoader)
[2025-05-06 23:24:20,333] INFO [controller-1-to-controller-registration-channel-manager]: Starting (kafka.server.NodeToControllerRequestThread)
[2025-05-06 23:24:20,334] INFO [ControllerRegistrationManager id=1 incarnation=reVFQEvGT0q6javPPN8qhg] initialized channel manager. (kafka.server.ControllerRegistrationManager)
[2025-05-06 23:24:20,335] INFO [ControllerServer id=1] Waiting for all of the authorizer futures to be completed (kafka.server.ControllerServer)
[2025-05-06 23:24:20,335] INFO [ControllerServer id=1] Finished waiting for all of the authorizer futures to be completed (kafka.server.ControllerServer)
[2025-05-06 23:24:20,336] INFO [ControllerServer id=1] Waiting for all of the SocketServer Acceptors to be started (kafka.server.ControllerServer)
[2025-05-06 23:24:20,336] INFO [controller-1-to-controller-registration-channel-manager]: Recorded new KRaft controller, from now on will use node localhost:9093 (id: 1 rack: null isFenced: false) (kafka.server.NodeToControllerRequestThread)
[2025-05-06 23:24:20,336] INFO [ControllerServer id=1] Finished waiting for all of the SocketServer Acceptors to be started (kafka.server.ControllerServer)
[2025-05-06 23:24:20,339] INFO [BrokerServer id=1] Transition from SHUTDOWN to STARTING (kafka.server.BrokerServer)
[2025-05-06 23:24:20,342] INFO [BrokerServer id=1] Starting broker (kafka.server.BrokerServer)
[2025-05-06 23:24:20,346] INFO [ControllerRegistrationManager id=1 incarnation=reVFQEvGT0q6javPPN8qhg] sendControllerRegistration: attempting to send ControllerRegistrationRequestData(controllerId=1, incarnationId=reVFQEvGT0q6javPPN8qhg, zkMigrationReady=false, listeners=[Listener(name='CONTROLLER', host='localhost', port=9093, securityProtocol=0)], features=[Feature(name='group.version', minSupportedVersion=0, maxSupportedVersion=1), Feature(name='transaction.version', minSupportedVersion=0, maxSupportedVersion=2), Feature(name='eligible.leader.replicas.version', minSupportedVersion=0, maxSupportedVersion=1), Feature(name='kraft.version', minSupportedVersion=0, maxSupportedVersion=1), Feature(name='metadata.version', minSupportedVersion=7, maxSupportedVersion=25)]) (kafka.server.ControllerRegistrationManager)
[2025-05-06 23:24:20,355] INFO [broker-1-ThrottledChannelReaper-Fetch]: Starting (kafka.server.ClientQuotaManager$ThrottledChannelReaper)
[2025-05-06 23:24:20,356] INFO [broker-1-ThrottledChannelReaper-Produce]: Starting (kafka.server.ClientQuotaManager$ThrottledChannelReaper)
[2025-05-06 23:24:20,356] INFO [broker-1-ThrottledChannelReaper-Request]: Starting (kafka.server.ClientQuotaManager$ThrottledChannelReaper)
[2025-05-06 23:24:20,357] INFO [broker-1-ThrottledChannelReaper-ControllerMutation]: Starting (kafka.server.ClientQuotaManager$ThrottledChannelReaper)
[2025-05-06 23:24:20,395] INFO [BrokerServer id=1] Waiting for controller quorum voters future (kafka.server.BrokerServer)
[2025-05-06 23:24:20,395] INFO [BrokerServer id=1] Finished waiting for controller quorum voters future (kafka.server.BrokerServer)
[2025-05-06 23:24:20,399] INFO [broker-1-to-controller-forwarding-channel-manager]: Starting (kafka.server.NodeToControllerRequestThread)
[2025-05-06 23:24:20,400] INFO [broker-1-to-controller-forwarding-channel-manager]: Recorded new KRaft controller, from now on will use node localhost:9093 (id: 1 rack: null isFenced: false) (kafka.server.NodeToControllerRequestThread)
[2025-05-06 23:24:20,414] INFO [client-metrics-reaper]: Starting (org.apache.kafka.server.util.timer.SystemTimerReaper$Reaper)
[2025-05-06 23:24:20,445] INFO Updated connection-accept-rate max connection creation rate to 2147483647 (kafka.network.ConnectionQuotas)
[2025-05-06 23:24:20,453] INFO [SocketServer listenerType=BROKER, nodeId=1] Created data-plane acceptor and processors for endpoint : ListenerName(PLAINTEXT) (kafka.network.SocketServer)
[2025-05-06 23:24:20,462] INFO [broker-1-to-controller-alter-partition-channel-manager]: Starting (kafka.server.NodeToControllerRequestThread)
[2025-05-06 23:24:20,463] INFO [broker-1-to-controller-alter-partition-channel-manager]: Recorded new KRaft controller, from now on will use node localhost:9093 (id: 1 rack: null isFenced: false) (kafka.server.NodeToControllerRequestThread)
[2025-05-06 23:24:20,477] INFO [broker-1-to-controller-directory-assignments-channel-manager]: Starting (kafka.server.NodeToControllerRequestThread)
[2025-05-06 23:24:20,477] INFO [broker-1-to-controller-directory-assignments-channel-manager]: Recorded new KRaft controller, from now on will use node localhost:9093 (id: 1 rack: null isFenced: false) (kafka.server.NodeToControllerRequestThread)
[2025-05-06 23:24:20,480] INFO [ControllerRegistrationManager id=1 incarnation=reVFQEvGT0q6javPPN8qhg] Our registration has been persisted to the metadata log. (kafka.server.ControllerRegistrationManager)
[2025-05-06 23:24:20,483] INFO [ControllerRegistrationManager id=1 incarnation=reVFQEvGT0q6javPPN8qhg] RegistrationResponseHandler: controller acknowledged ControllerRegistrationRequest. (kafka.server.ControllerRegistrationManager)
[2025-05-06 23:24:20,508] INFO [ExpirationReaper-0-null]: Starting (org.apache.kafka.server.purgatory.DelayedOperationPurgatory$ExpiredOperationReaper)
[2025-05-06 23:24:20,509] INFO [ExpirationReaper-0-null]: Starting (org.apache.kafka.server.purgatory.DelayedOperationPurgatory$ExpiredOperationReaper)
[2025-05-06 23:24:20,510] INFO [ExpirationReaper-0-null]: Starting (org.apache.kafka.server.purgatory.DelayedOperationPurgatory$ExpiredOperationReaper)
[2025-05-06 23:24:20,512] INFO [ExpirationReaper-0-null]: Starting (org.apache.kafka.server.purgatory.DelayedOperationPurgatory$ExpiredOperationReaper)
[2025-05-06 23:24:20,513] INFO [ExpirationReaper-0-null]: Starting (org.apache.kafka.server.purgatory.DelayedOperationPurgatory$ExpiredOperationReaper)
[2025-05-06 23:24:20,514] INFO [ExpirationReaper-0-null]: Starting (org.apache.kafka.server.purgatory.DelayedOperationPurgatory$ExpiredOperationReaper)
[2025-05-06 23:24:20,543] INFO [BrokerServer id=1] Using no op persister (kafka.server.BrokerServer)
[2025-05-06 23:24:20,547] INFO [group-coordinator-reaper]: Starting (org.apache.kafka.server.util.timer.SystemTimerReaper$Reaper)
[2025-05-06 23:24:20,586] INFO [group-coordinator-event-processor-0]: Starting (org.apache.kafka.coordinator.common.runtime.MultiThreadedEventProcessor$EventProcessorThread)
[2025-05-06 23:24:20,587] INFO [group-coordinator-event-processor-1]: Starting (org.apache.kafka.coordinator.common.runtime.MultiThreadedEventProcessor$EventProcessorThread)
[2025-05-06 23:24:20,587] INFO [group-coordinator-event-processor-2]: Starting (org.apache.kafka.coordinator.common.runtime.MultiThreadedEventProcessor$EventProcessorThread)
[2025-05-06 23:24:20,587] INFO [group-coordinator-event-processor-3]: Starting (org.apache.kafka.coordinator.common.runtime.MultiThreadedEventProcessor$EventProcessorThread)
[2025-05-06 23:24:20,656] INFO [broker-1-to-controller-heartbeat-channel-manager]: Starting (kafka.server.NodeToControllerRequestThread)
[2025-05-06 23:24:20,657] INFO [broker-1-to-controller-heartbeat-channel-manager]: Recorded new KRaft controller, from now on will use node localhost:9093 (id: 1 rack: null isFenced: false) (kafka.server.NodeToControllerRequestThread)
[2025-05-06 23:24:20,660] INFO [BrokerLifecycleManager id=1] Incarnation 1l9QQAnbQYaIEDQlssUo7A of broker 1 in cluster kLHeUqTfQMmlWEtzttOV7Q is now STARTING. (kafka.server.BrokerLifecycleManager)
[2025-05-06 23:24:20,670] INFO [BrokerLifecycleManager id=1] Unable to register broker 1 because the controller returned error DUPLICATE_BROKER_REGISTRATION (kafka.server.BrokerLifecycleManager)
[2025-05-06 23:24:20,678] INFO [share-group-lock-timeout-reaper]: Starting (org.apache.kafka.server.util.timer.SystemTimerReaper$Reaper)
[2025-05-06 23:24:20,698] INFO [ExpirationReaper-0-null]: Starting (org.apache.kafka.server.purgatory.DelayedOperationPurgatory$ExpiredOperationReaper)
[2025-05-06 23:24:20,734] INFO [BrokerServer id=1] Waiting for the broker metadata publishers to be installed (kafka.server.BrokerServer)
[2025-05-06 23:24:20,735] INFO [BrokerServer id=1] Finished waiting for the broker metadata publishers to be installed (kafka.server.BrokerServer)
[2025-05-06 23:24:20,735] INFO [BrokerServer id=1] Waiting for the controller to acknowledge that we are caught up (kafka.server.BrokerServer)
[2025-05-06 23:24:20,736] INFO [MetadataLoader id=1] InitializeNewPublishers: initializing MetadataVersionPublisher(id=1) with a snapshot at offset 3365 (org.apache.kafka.image.loader.MetadataLoader)
[2025-05-06 23:24:20,736] INFO [MetadataLoader id=1] InitializeNewPublishers: initializing BrokerMetadataPublisher with a snapshot at offset 3365 (org.apache.kafka.image.loader.MetadataLoader)
[2025-05-06 23:24:20,738] INFO [BrokerMetadataPublisher id=1] Publishing initial metadata at offset OffsetAndEpoch(offset=3365, epoch=20) with metadata.version Optional[4.0-IV3]. (kafka.server.metadata.BrokerMetadataPublisher)
[2025-05-06 23:24:20,742] INFO Loading logs from log dirs ArrayBuffer(/tmp/kraft-combined-logs) (kafka.log.LogManager)
[2025-05-06 23:24:20,752] INFO Skipping recovery of 52 logs from /tmp/kraft-combined-logs since clean shutdown file was found (kafka.log.LogManager)
[2025-05-06 23:24:20,764] INFO [LogLoader partition=tracking-0, dir=/tmp/kraft-combined-logs] Loading producer state till offset 0 (org.apache.kafka.storage.internals.log.UnifiedLog)
[2025-05-06 23:24:20,775] INFO Completed load of Log(dir=/tmp/kraft-combined-logs/tracking-0.c326d52ed5cb41b0abcfe7654cd9bb61-delete, topicId=zn2NGfW1RnWRlI8oeh38tg, topic=tracking, partition=0, highWatermark=0, lastStableOffset=0, logStartOffset=0, logEndOffset=0) with 1 segments, local-log-start-offset 0 and log-end-offset 0 in 7ms (1/52 completed in /tmp/kraft-combined-logs) (kafka.log.LogManager)
[2025-05-06 23:24:20,776] INFO [BrokerLifecycleManager id=1] Unable to register broker 1 because the controller returned error DUPLICATE_BROKER_REGISTRATION (kafka.server.BrokerLifecycleManager)
[2025-05-06 23:24:20,783] INFO [LogLoader partition=tracking-0, dir=/tmp/kraft-combined-logs] Loading producer state till offset 0 (org.apache.kafka.storage.internals.log.UnifiedLog)
[2025-05-06 23:24:20,785] INFO Completed load of Log(dir=/tmp/kraft-combined-logs/tracking-0, topicId=u8cY2cqCSyWPBSff7_aBOA, topic=tracking, partition=0, highWatermark=0, lastStableOffset=0, logStartOffset=0, logEndOffset=0) with 1 segments, local-log-start-offset 0 and log-end-offset 0 in 9ms (2/52 completed in /tmp/kraft-combined-logs) (kafka.log.LogManager)
[2025-05-06 23:24:20,792] INFO [LogLoader partition=__consumer_offsets-13, dir=/tmp/kraft-combined-logs] Loading producer state till offset 0 (org.apache.kafka.storage.internals.log.UnifiedLog)
[2025-05-06 23:24:20,795] INFO Completed load of Log(dir=/tmp/kraft-combined-logs/__consumer_offsets-13, topicId=9jURusCTRomBpY-i-1O2zw, topic=__consumer_offsets, partition=13, highWatermark=0, lastStableOffset=0, logStartOffset=0, logEndOffset=0) with 1 segments, local-log-start-offset 0 and log-end-offset 0 in 9ms (3/52 completed in /tmp/kraft-combined-logs) (kafka.log.LogManager)
[2025-05-06 23:24:20,799] INFO [LogLoader partition=__consumer_offsets-46, dir=/tmp/kraft-combined-logs] Loading producer state till offset 0 (org.apache.kafka.storage.internals.log.UnifiedLog)
[2025-05-06 23:24:20,802] INFO Completed load of Log(dir=/tmp/kraft-combined-logs/__consumer_offsets-46, topicId=9jURusCTRomBpY-i-1O2zw, topic=__consumer_offsets, partition=46, highWatermark=0, lastStableOffset=0, logStartOffset=0, logEndOffset=0) with 1 segments, local-log-start-offset 0 and log-end-offset 0 in 7ms (4/52 completed in /tmp/kraft-combined-logs) (kafka.log.LogManager)
[2025-05-06 23:24:20,806] INFO [LogLoader partition=__consumer_offsets-9, dir=/tmp/kraft-combined-logs] Loading producer state till offset 0 (org.apache.kafka.storage.internals.log.UnifiedLog)
[2025-05-06 23:24:20,808] INFO Completed load of Log(dir=/tmp/kraft-combined-logs/__consumer_offsets-9, topicId=9jURusCTRomBpY-i-1O2zw, topic=__consumer_offsets, partition=9, highWatermark=0, lastStableOffset=0, logStartOffset=0, logEndOffset=0) with 1 segments, local-log-start-offset 0 and log-end-offset 0 in 5ms (5/52 completed in /tmp/kraft-combined-logs) (kafka.log.LogManager)
[2025-05-06 23:24:20,813] INFO [LogLoader partition=__consumer_offsets-42, dir=/tmp/kraft-combined-logs] Loading producer state till offset 0 (org.apache.kafka.storage.internals.log.UnifiedLog)
[2025-05-06 23:24:20,814] INFO Completed load of Log(dir=/tmp/kraft-combined-logs/__consumer_offsets-42, topicId=9jURusCTRomBpY-i-1O2zw, topic=__consumer_offsets, partition=42, highWatermark=0, lastStableOffset=0, logStartOffset=0, logEndOffset=0) with 1 segments, local-log-start-offset 0 and log-end-offset 0 in 5ms (6/52 completed in /tmp/kraft-combined-logs) (kafka.log.LogManager)
[2025-05-06 23:24:20,819] INFO [LogLoader partition=__consumer_offsets-21, dir=/tmp/kraft-combined-logs] Loading producer state till offset 0 (org.apache.kafka.storage.internals.log.UnifiedLog)
[2025-05-06 23:24:20,820] INFO Completed load of Log(dir=/tmp/kraft-combined-logs/__consumer_offsets-21, topicId=9jURusCTRomBpY-i-1O2zw, topic=__consumer_offsets, partition=21, highWatermark=0, lastStableOffset=0, logStartOffset=0, logEndOffset=0) with 1 segments, local-log-start-offset 0 and log-end-offset 0 in 5ms (7/52 completed in /tmp/kraft-combined-logs) (kafka.log.LogManager)
[2025-05-06 23:24:20,824] INFO [LogLoader partition=__consumer_offsets-17, dir=/tmp/kraft-combined-logs] Loading producer state till offset 0 (org.apache.kafka.storage.internals.log.UnifiedLog)
[2025-05-06 23:24:20,827] INFO Completed load of Log(dir=/tmp/kraft-combined-logs/__consumer_offsets-17, topicId=9jURusCTRomBpY-i-1O2zw, topic=__consumer_offsets, partition=17, highWatermark=0, lastStableOffset=0, logStartOffset=0, logEndOffset=0) with 1 segments, local-log-start-offset 0 and log-end-offset 0 in 6ms (8/52 completed in /tmp/kraft-combined-logs) (kafka.log.LogManager)
[2025-05-06 23:24:20,831] INFO [LogLoader partition=__consumer_offsets-30, dir=/tmp/kraft-combined-logs] Loading producer state till offset 0 (org.apache.kafka.storage.internals.log.UnifiedLog)
[2025-05-06 23:24:20,833] INFO Completed load of Log(dir=/tmp/kraft-combined-logs/__consumer_offsets-30, topicId=9jURusCTRomBpY-i-1O2zw, topic=__consumer_offsets, partition=30, highWatermark=0, lastStableOffset=0, logStartOffset=0, logEndOffset=0) with 1 segments, local-log-start-offset 0 and log-end-offset 0 in 6ms (9/52 completed in /tmp/kraft-combined-logs) (kafka.log.LogManager)
[2025-05-06 23:24:20,837] INFO [LogLoader partition=__consumer_offsets-26, dir=/tmp/kraft-combined-logs] Loading producer state till offset 0 (org.apache.kafka.storage.internals.log.UnifiedLog)
[2025-05-06 23:24:20,839] INFO Completed load of Log(dir=/tmp/kraft-combined-logs/__consumer_offsets-26, topicId=9jURusCTRomBpY-i-1O2zw, topic=__consumer_offsets, partition=26, highWatermark=0, lastStableOffset=0, logStartOffset=0, logEndOffset=0) with 1 segments, local-log-start-offset 0 and log-end-offset 0 in 5ms (10/52 completed in /tmp/kraft-combined-logs) (kafka.log.LogManager)
[2025-05-06 23:24:20,844] INFO [LogLoader partition=__consumer_offsets-5, dir=/tmp/kraft-combined-logs] Loading producer state till offset 0 (org.apache.kafka.storage.internals.log.UnifiedLog)
[2025-05-06 23:24:20,845] INFO Completed load of Log(dir=/tmp/kraft-combined-logs/__consumer_offsets-5, topicId=9jURusCTRomBpY-i-1O2zw, topic=__consumer_offsets, partition=5, highWatermark=0, lastStableOffset=0, logStartOffset=0, logEndOffset=0) with 1 segments, local-log-start-offset 0 and log-end-offset 0 in 6ms (11/52 completed in /tmp/kraft-combined-logs) (kafka.log.LogManager)
[2025-05-06 23:24:20,850] INFO [LogLoader partition=__consumer_offsets-38, dir=/tmp/kraft-combined-logs] Loading producer state till offset 0 (org.apache.kafka.storage.internals.log.UnifiedLog)
[2025-05-06 23:24:20,851] INFO Completed load of Log(dir=/tmp/kraft-combined-logs/__consumer_offsets-38, topicId=9jURusCTRomBpY-i-1O2zw, topic=__consumer_offsets, partition=38, highWatermark=0, lastStableOffset=0, logStartOffset=0, logEndOffset=0) with 1 segments, local-log-start-offset 0 and log-end-offset 0 in 6ms (12/52 completed in /tmp/kraft-combined-logs) (kafka.log.LogManager)
[2025-05-06 23:24:20,855] INFO [LogLoader partition=__consumer_offsets-1, dir=/tmp/kraft-combined-logs] Loading producer state till offset 0 (org.apache.kafka.storage.internals.log.UnifiedLog)
[2025-05-06 23:24:20,856] INFO Completed load of Log(dir=/tmp/kraft-combined-logs/__consumer_offsets-1, topicId=9jURusCTRomBpY-i-1O2zw, topic=__consumer_offsets, partition=1, highWatermark=0, lastStableOffset=0, logStartOffset=0, logEndOffset=0) with 1 segments, local-log-start-offset 0 and log-end-offset 0 in 4ms (13/52 completed in /tmp/kraft-combined-logs) (kafka.log.LogManager)
[2025-05-06 23:24:20,859] INFO [LogLoader partition=__consumer_offsets-34, dir=/tmp/kraft-combined-logs] Loading producer state till offset 0 (org.apache.kafka.storage.internals.log.UnifiedLog)
[2025-05-06 23:24:20,861] INFO Completed load of Log(dir=/tmp/kraft-combined-logs/__consumer_offsets-34, topicId=9jURusCTRomBpY-i-1O2zw, topic=__consumer_offsets, partition=34, highWatermark=0, lastStableOffset=0, logStartOffset=0, logEndOffset=0) with 1 segments, local-log-start-offset 0 and log-end-offset 0 in 4ms (14/52 completed in /tmp/kraft-combined-logs) (kafka.log.LogManager)
[2025-05-06 23:24:20,863] INFO [LogLoader partition=__consumer_offsets-16, dir=/tmp/kraft-combined-logs] Loading producer state till offset 0 (org.apache.kafka.storage.internals.log.UnifiedLog)
[2025-05-06 23:24:20,865] INFO Completed load of Log(dir=/tmp/kraft-combined-logs/__consumer_offsets-16, topicId=9jURusCTRomBpY-i-1O2zw, topic=__consumer_offsets, partition=16, highWatermark=0, lastStableOffset=0, logStartOffset=0, logEndOffset=0) with 1 segments, local-log-start-offset 0 and log-end-offset 0 in 4ms (15/52 completed in /tmp/kraft-combined-logs) (kafka.log.LogManager)
[2025-05-06 23:24:20,868] INFO [LogLoader partition=__consumer_offsets-45, dir=/tmp/kraft-combined-logs] Loading producer state till offset 0 (org.apache.kafka.storage.internals.log.UnifiedLog)
[2025-05-06 23:24:20,869] INFO Completed load of Log(dir=/tmp/kraft-combined-logs/__consumer_offsets-45, topicId=9jURusCTRomBpY-i-1O2zw, topic=__consumer_offsets, partition=45, highWatermark=0, lastStableOffset=0, logStartOffset=0, logEndOffset=0) with 1 segments, local-log-start-offset 0 and log-end-offset 0 in 3ms (16/52 completed in /tmp/kraft-combined-logs) (kafka.log.LogManager)
[2025-05-06 23:24:20,871] INFO [LogLoader partition=__consumer_offsets-12, dir=/tmp/kraft-combined-logs] Loading producer state till offset 3 (org.apache.kafka.storage.internals.log.UnifiedLog)
[2025-05-06 23:24:20,872] INFO [LogLoader partition=__consumer_offsets-12, dir=/tmp/kraft-combined-logs] Reloading from producer snapshot and rebuilding producer state from offset 3 (org.apache.kafka.storage.internals.log.UnifiedLog)
[2025-05-06 23:24:20,872] INFO [ProducerStateManager partition=__consumer_offsets-12] Loading producer state from snapshot file 'SnapshotFile(offset=3, file=/tmp/kraft-combined-logs/__consumer_offsets-12/00000000000000000003.snapshot)' (org.apache.kafka.storage.internals.log.ProducerStateManager)
[2025-05-06 23:24:20,872] INFO [LogLoader partition=__consumer_offsets-12, dir=/tmp/kraft-combined-logs] Producer state recovery took 0ms for snapshot load and 0ms for segment recovery from offset 3 (org.apache.kafka.storage.internals.log.UnifiedLog)
[2025-05-06 23:24:20,873] INFO Completed load of Log(dir=/tmp/kraft-combined-logs/__consumer_offsets-12, topicId=9jURusCTRomBpY-i-1O2zw, topic=__consumer_offsets, partition=12, highWatermark=0, lastStableOffset=0, logStartOffset=0, logEndOffset=3) with 1 segments, local-log-start-offset 0 and log-end-offset 3 in 3ms (17/52 completed in /tmp/kraft-combined-logs) (kafka.log.LogManager)
[2025-05-06 23:24:20,875] INFO [LogLoader partition=__consumer_offsets-41, dir=/tmp/kraft-combined-logs] Loading producer state till offset 0 (org.apache.kafka.storage.internals.log.UnifiedLog)
[2025-05-06 23:24:20,876] INFO Completed load of Log(dir=/tmp/kraft-combined-logs/__consumer_offsets-41, topicId=9jURusCTRomBpY-i-1O2zw, topic=__consumer_offsets, partition=41, highWatermark=0, lastStableOffset=0, logStartOffset=0, logEndOffset=0) with 1 segments, local-log-start-offset 0 and log-end-offset 0 in 3ms (18/52 completed in /tmp/kraft-combined-logs) (kafka.log.LogManager)
[2025-05-06 23:24:20,878] INFO [LogLoader partition=__consumer_offsets-24, dir=/tmp/kraft-combined-logs] Loading producer state till offset 0 (org.apache.kafka.storage.internals.log.UnifiedLog)
[2025-05-06 23:24:20,878] INFO Completed load of Log(dir=/tmp/kraft-combined-logs/__consumer_offsets-24, topicId=9jURusCTRomBpY-i-1O2zw, topic=__consumer_offsets, partition=24, highWatermark=0, lastStableOffset=0, logStartOffset=0, logEndOffset=0) with 1 segments, local-log-start-offset 0 and log-end-offset 0 in 3ms (19/52 completed in /tmp/kraft-combined-logs) (kafka.log.LogManager)
[2025-05-06 23:24:20,886] INFO [LogLoader partition=__consumer_offsets-20, dir=/tmp/kraft-combined-logs] Loading producer state till offset 0 (org.apache.kafka.storage.internals.log.UnifiedLog)
[2025-05-06 23:24:20,888] INFO Completed load of Log(dir=/tmp/kraft-combined-logs/__consumer_offsets-20, topicId=9jURusCTRomBpY-i-1O2zw, topic=__consumer_offsets, partition=20, highWatermark=0, lastStableOffset=0, logStartOffset=0, logEndOffset=0) with 1 segments, local-log-start-offset 0 and log-end-offset 0 in 9ms (20/52 completed in /tmp/kraft-combined-logs) (kafka.log.LogManager)
[2025-05-06 23:24:20,890] INFO [LogLoader partition=__consumer_offsets-49, dir=/tmp/kraft-combined-logs] Loading producer state till offset 0 (org.apache.kafka.storage.internals.log.UnifiedLog)
[2025-05-06 23:24:20,891] INFO Completed load of Log(dir=/tmp/kraft-combined-logs/__consumer_offsets-49, topicId=9jURusCTRomBpY-i-1O2zw, topic=__consumer_offsets, partition=49, highWatermark=0, lastStableOffset=0, logStartOffset=0, logEndOffset=0) with 1 segments, local-log-start-offset 0 and log-end-offset 0 in 3ms (21/52 completed in /tmp/kraft-combined-logs) (kafka.log.LogManager)
[2025-05-06 23:24:20,893] INFO [LogLoader partition=__consumer_offsets-0, dir=/tmp/kraft-combined-logs] Loading producer state till offset 0 (org.apache.kafka.storage.internals.log.UnifiedLog)
[2025-05-06 23:24:20,895] INFO Completed load of Log(dir=/tmp/kraft-combined-logs/__consumer_offsets-0, topicId=9jURusCTRomBpY-i-1O2zw, topic=__consumer_offsets, partition=0, highWatermark=0, lastStableOffset=0, logStartOffset=0, logEndOffset=0) with 1 segments, local-log-start-offset 0 and log-end-offset 0 in 3ms (22/52 completed in /tmp/kraft-combined-logs) (kafka.log.LogManager)
[2025-05-06 23:24:20,897] INFO [LogLoader partition=__consumer_offsets-29, dir=/tmp/kraft-combined-logs] Loading producer state till offset 0 (org.apache.kafka.storage.internals.log.UnifiedLog)
[2025-05-06 23:24:20,898] INFO Completed load of Log(dir=/tmp/kraft-combined-logs/__consumer_offsets-29, topicId=9jURusCTRomBpY-i-1O2zw, topic=__consumer_offsets, partition=29, highWatermark=0, lastStableOffset=0, logStartOffset=0, logEndOffset=0) with 1 segments, local-log-start-offset 0 and log-end-offset 0 in 3ms (23/52 completed in /tmp/kraft-combined-logs) (kafka.log.LogManager)
[2025-05-06 23:24:20,900] INFO [LogLoader partition=__consumer_offsets-25, dir=/tmp/kraft-combined-logs] Loading producer state till offset 0 (org.apache.kafka.storage.internals.log.UnifiedLog)
[2025-05-06 23:24:20,901] INFO Completed load of Log(dir=/tmp/kraft-combined-logs/__consumer_offsets-25, topicId=9jURusCTRomBpY-i-1O2zw, topic=__consumer_offsets, partition=25, highWatermark=0, lastStableOffset=0, logStartOffset=0, logEndOffset=0) with 1 segments, local-log-start-offset 0 and log-end-offset 0 in 3ms (24/52 completed in /tmp/kraft-combined-logs) (kafka.log.LogManager)
[2025-05-06 23:24:20,903] INFO [LogLoader partition=__consumer_offsets-8, dir=/tmp/kraft-combined-logs] Loading producer state till offset 0 (org.apache.kafka.storage.internals.log.UnifiedLog)
[2025-05-06 23:24:20,904] INFO Completed load of Log(dir=/tmp/kraft-combined-logs/__consumer_offsets-8, topicId=9jURusCTRomBpY-i-1O2zw, topic=__consumer_offsets, partition=8, highWatermark=0, lastStableOffset=0, logStartOffset=0, logEndOffset=0) with 1 segments, local-log-start-offset 0 and log-end-offset 0 in 2ms (25/52 completed in /tmp/kraft-combined-logs) (kafka.log.LogManager)
[2025-05-06 23:24:20,906] INFO [LogLoader partition=__consumer_offsets-37, dir=/tmp/kraft-combined-logs] Loading producer state till offset 0 (org.apache.kafka.storage.internals.log.UnifiedLog)
[2025-05-06 23:24:20,907] INFO Completed load of Log(dir=/tmp/kraft-combined-logs/__consumer_offsets-37, topicId=9jURusCTRomBpY-i-1O2zw, topic=__consumer_offsets, partition=37, highWatermark=0, lastStableOffset=0, logStartOffset=0, logEndOffset=0) with 1 segments, local-log-start-offset 0 and log-end-offset 0 in 2ms (26/52 completed in /tmp/kraft-combined-logs) (kafka.log.LogManager)
[2025-05-06 23:24:20,909] INFO [LogLoader partition=__consumer_offsets-4, dir=/tmp/kraft-combined-logs] Loading producer state till offset 0 (org.apache.kafka.storage.internals.log.UnifiedLog)
[2025-05-06 23:24:20,910] INFO Completed load of Log(dir=/tmp/kraft-combined-logs/__consumer_offsets-4, topicId=9jURusCTRomBpY-i-1O2zw, topic=__consumer_offsets, partition=4, highWatermark=0, lastStableOffset=0, logStartOffset=0, logEndOffset=0) with 1 segments, local-log-start-offset 0 and log-end-offset 0 in 3ms (27/52 completed in /tmp/kraft-combined-logs) (kafka.log.LogManager)
[2025-05-06 23:24:20,912] INFO [LogLoader partition=__consumer_offsets-33, dir=/tmp/kraft-combined-logs] Loading producer state till offset 0 (org.apache.kafka.storage.internals.log.UnifiedLog)
[2025-05-06 23:24:20,913] INFO Completed load of Log(dir=/tmp/kraft-combined-logs/__consumer_offsets-33, topicId=9jURusCTRomBpY-i-1O2zw, topic=__consumer_offsets, partition=33, highWatermark=0, lastStableOffset=0, logStartOffset=0, logEndOffset=0) with 1 segments, local-log-start-offset 0 and log-end-offset 0 in 2ms (28/52 completed in /tmp/kraft-combined-logs) (kafka.log.LogManager)
[2025-05-06 23:24:20,915] INFO [LogLoader partition=__consumer_offsets-15, dir=/tmp/kraft-combined-logs] Loading producer state till offset 0 (org.apache.kafka.storage.internals.log.UnifiedLog)
[2025-05-06 23:24:20,916] INFO Completed load of Log(dir=/tmp/kraft-combined-logs/__consumer_offsets-15, topicId=9jURusCTRomBpY-i-1O2zw, topic=__consumer_offsets, partition=15, highWatermark=0, lastStableOffset=0, logStartOffset=0, logEndOffset=0) with 1 segments, local-log-start-offset 0 and log-end-offset 0 in 3ms (29/52 completed in /tmp/kraft-combined-logs) (kafka.log.LogManager)
[2025-05-06 23:24:20,917] INFO [LogLoader partition=__consumer_offsets-48, dir=/tmp/kraft-combined-logs] Loading producer state till offset 0 (org.apache.kafka.storage.internals.log.UnifiedLog)
[2025-05-06 23:24:20,918] INFO Completed load of Log(dir=/tmp/kraft-combined-logs/__consumer_offsets-48, topicId=9jURusCTRomBpY-i-1O2zw, topic=__consumer_offsets, partition=48, highWatermark=0, lastStableOffset=0, logStartOffset=0, logEndOffset=0) with 1 segments, local-log-start-offset 0 and log-end-offset 0 in 2ms (30/52 completed in /tmp/kraft-combined-logs) (kafka.log.LogManager)
[2025-05-06 23:24:20,919] INFO [LogLoader partition=__consumer_offsets-11, dir=/tmp/kraft-combined-logs] Loading producer state till offset 0 (org.apache.kafka.storage.internals.log.UnifiedLog)
[2025-05-06 23:24:20,920] INFO Completed load of Log(dir=/tmp/kraft-combined-logs/__consumer_offsets-11, topicId=9jURusCTRomBpY-i-1O2zw, topic=__consumer_offsets, partition=11, highWatermark=0, lastStableOffset=0, logStartOffset=0, logEndOffset=0) with 1 segments, local-log-start-offset 0 and log-end-offset 0 in 2ms (31/52 completed in /tmp/kraft-combined-logs) (kafka.log.LogManager)
[2025-05-06 23:24:20,922] INFO [LogLoader partition=__consumer_offsets-44, dir=/tmp/kraft-combined-logs] Loading producer state till offset 0 (org.apache.kafka.storage.internals.log.UnifiedLog)
[2025-05-06 23:24:20,923] INFO Completed load of Log(dir=/tmp/kraft-combined-logs/__consumer_offsets-44, topicId=9jURusCTRomBpY-i-1O2zw, topic=__consumer_offsets, partition=44, highWatermark=0, lastStableOffset=0, logStartOffset=0, logEndOffset=0) with 1 segments, local-log-start-offset 0 and log-end-offset 0 in 2ms (32/52 completed in /tmp/kraft-combined-logs) (kafka.log.LogManager)
[2025-05-06 23:24:20,925] INFO [LogLoader partition=__consumer_offsets-23, dir=/tmp/kraft-combined-logs] Loading producer state till offset 0 (org.apache.kafka.storage.internals.log.UnifiedLog)
[2025-05-06 23:24:20,926] INFO Completed load of Log(dir=/tmp/kraft-combined-logs/__consumer_offsets-23, topicId=9jURusCTRomBpY-i-1O2zw, topic=__consumer_offsets, partition=23, highWatermark=0, lastStableOffset=0, logStartOffset=0, logEndOffset=0) with 1 segments, local-log-start-offset 0 and log-end-offset 0 in 3ms (33/52 completed in /tmp/kraft-combined-logs) (kafka.log.LogManager)
[2025-05-06 23:24:20,928] INFO [LogLoader partition=__consumer_offsets-19, dir=/tmp/kraft-combined-logs] Loading producer state till offset 0 (org.apache.kafka.storage.internals.log.UnifiedLog)
[2025-05-06 23:24:20,929] INFO Completed load of Log(dir=/tmp/kraft-combined-logs/__consumer_offsets-19, topicId=9jURusCTRomBpY-i-1O2zw, topic=__consumer_offsets, partition=19, highWatermark=0, lastStableOffset=0, logStartOffset=0, logEndOffset=0) with 1 segments, local-log-start-offset 0 and log-end-offset 0 in 2ms (34/52 completed in /tmp/kraft-combined-logs) (kafka.log.LogManager)
[2025-05-06 23:24:20,932] INFO [LogLoader partition=__consumer_offsets-32, dir=/tmp/kraft-combined-logs] Loading producer state till offset 0 (org.apache.kafka.storage.internals.log.UnifiedLog)
[2025-05-06 23:24:20,933] INFO Completed load of Log(dir=/tmp/kraft-combined-logs/__consumer_offsets-32, topicId=9jURusCTRomBpY-i-1O2zw, topic=__consumer_offsets, partition=32, highWatermark=0, lastStableOffset=0, logStartOffset=0, logEndOffset=0) with 1 segments, local-log-start-offset 0 and log-end-offset 0 in 3ms (35/52 completed in /tmp/kraft-combined-logs) (kafka.log.LogManager)
[2025-05-06 23:24:20,935] INFO [LogLoader partition=__consumer_offsets-28, dir=/tmp/kraft-combined-logs] Loading producer state till offset 0 (org.apache.kafka.storage.internals.log.UnifiedLog)
[2025-05-06 23:24:20,936] INFO Completed load of Log(dir=/tmp/kraft-combined-logs/__consumer_offsets-28, topicId=9jURusCTRomBpY-i-1O2zw, topic=__consumer_offsets, partition=28, highWatermark=0, lastStableOffset=0, logStartOffset=0, logEndOffset=0) with 1 segments, local-log-start-offset 0 and log-end-offset 0 in 3ms (36/52 completed in /tmp/kraft-combined-logs) (kafka.log.LogManager)
[2025-05-06 23:24:20,938] INFO [LogLoader partition=__consumer_offsets-7, dir=/tmp/kraft-combined-logs] Loading producer state till offset 0 (org.apache.kafka.storage.internals.log.UnifiedLog)
[2025-05-06 23:24:20,939] INFO Completed load of Log(dir=/tmp/kraft-combined-logs/__consumer_offsets-7, topicId=9jURusCTRomBpY-i-1O2zw, topic=__consumer_offsets, partition=7, highWatermark=0, lastStableOffset=0, logStartOffset=0, logEndOffset=0) with 1 segments, local-log-start-offset 0 and log-end-offset 0 in 2ms (37/52 completed in /tmp/kraft-combined-logs) (kafka.log.LogManager)
[2025-05-06 23:24:20,941] INFO [LogLoader partition=__consumer_offsets-40, dir=/tmp/kraft-combined-logs] Loading producer state till offset 0 (org.apache.kafka.storage.internals.log.UnifiedLog)
[2025-05-06 23:24:20,942] INFO Completed load of Log(dir=/tmp/kraft-combined-logs/__consumer_offsets-40, topicId=9jURusCTRomBpY-i-1O2zw, topic=__consumer_offsets, partition=40, highWatermark=0, lastStableOffset=0, logStartOffset=0, logEndOffset=0) with 1 segments, local-log-start-offset 0 and log-end-offset 0 in 3ms (38/52 completed in /tmp/kraft-combined-logs) (kafka.log.LogManager)
[2025-05-06 23:24:20,943] INFO [LogLoader partition=__consumer_offsets-3, dir=/tmp/kraft-combined-logs] Loading producer state till offset 0 (org.apache.kafka.storage.internals.log.UnifiedLog)
[2025-05-06 23:24:20,944] INFO Completed load of Log(dir=/tmp/kraft-combined-logs/__consumer_offsets-3, topicId=9jURusCTRomBpY-i-1O2zw, topic=__consumer_offsets, partition=3, highWatermark=0, lastStableOffset=0, logStartOffset=0, logEndOffset=0) with 1 segments, local-log-start-offset 0 and log-end-offset 0 in 3ms (39/52 completed in /tmp/kraft-combined-logs) (kafka.log.LogManager)
[2025-05-06 23:24:20,946] INFO [LogLoader partition=__consumer_offsets-36, dir=/tmp/kraft-combined-logs] Loading producer state till offset 0 (org.apache.kafka.storage.internals.log.UnifiedLog)
[2025-05-06 23:24:20,947] INFO Completed load of Log(dir=/tmp/kraft-combined-logs/__consumer_offsets-36, topicId=9jURusCTRomBpY-i-1O2zw, topic=__consumer_offsets, partition=36, highWatermark=0, lastStableOffset=0, logStartOffset=0, logEndOffset=0) with 1 segments, local-log-start-offset 0 and log-end-offset 0 in 2ms (40/52 completed in /tmp/kraft-combined-logs) (kafka.log.LogManager)
[2025-05-06 23:24:20,949] INFO [LogLoader partition=__consumer_offsets-47, dir=/tmp/kraft-combined-logs] Loading producer state till offset 0 (org.apache.kafka.storage.internals.log.UnifiedLog)
[2025-05-06 23:24:20,950] INFO Completed load of Log(dir=/tmp/kraft-combined-logs/__consumer_offsets-47, topicId=9jURusCTRomBpY-i-1O2zw, topic=__consumer_offsets, partition=47, highWatermark=0, lastStableOffset=0, logStartOffset=0, logEndOffset=0) with 1 segments, local-log-start-offset 0 and log-end-offset 0 in 2ms (41/52 completed in /tmp/kraft-combined-logs) (kafka.log.LogManager)
[2025-05-06 23:24:20,951] INFO [LogLoader partition=__consumer_offsets-14, dir=/tmp/kraft-combined-logs] Loading producer state till offset 0 (org.apache.kafka.storage.internals.log.UnifiedLog)
[2025-05-06 23:24:20,953] INFO Completed load of Log(dir=/tmp/kraft-combined-logs/__consumer_offsets-14, topicId=9jURusCTRomBpY-i-1O2zw, topic=__consumer_offsets, partition=14, highWatermark=0, lastStableOffset=0, logStartOffset=0, logEndOffset=0) with 1 segments, local-log-start-offset 0 and log-end-offset 0 in 3ms (42/52 completed in /tmp/kraft-combined-logs) (kafka.log.LogManager)
[2025-05-06 23:24:20,955] INFO [LogLoader partition=__consumer_offsets-43, dir=/tmp/kraft-combined-logs] Loading producer state till offset 0 (org.apache.kafka.storage.internals.log.UnifiedLog)
[2025-05-06 23:24:20,956] INFO Completed load of Log(dir=/tmp/kraft-combined-logs/__consumer_offsets-43, topicId=9jURusCTRomBpY-i-1O2zw, topic=__consumer_offsets, partition=43, highWatermark=0, lastStableOffset=0, logStartOffset=0, logEndOffset=0) with 1 segments, local-log-start-offset 0 and log-end-offset 0 in 3ms (43/52 completed in /tmp/kraft-combined-logs) (kafka.log.LogManager)
[2025-05-06 23:24:20,957] INFO [LogLoader partition=__consumer_offsets-10, dir=/tmp/kraft-combined-logs] Loading producer state till offset 0 (org.apache.kafka.storage.internals.log.UnifiedLog)
[2025-05-06 23:24:20,958] INFO Completed load of Log(dir=/tmp/kraft-combined-logs/__consumer_offsets-10, topicId=9jURusCTRomBpY-i-1O2zw, topic=__consumer_offsets, partition=10, highWatermark=0, lastStableOffset=0, logStartOffset=0, logEndOffset=0) with 1 segments, local-log-start-offset 0 and log-end-offset 0 in 3ms (44/52 completed in /tmp/kraft-combined-logs) (kafka.log.LogManager)
[2025-05-06 23:24:20,960] INFO [LogLoader partition=__consumer_offsets-22, dir=/tmp/kraft-combined-logs] Loading producer state till offset 0 (org.apache.kafka.storage.internals.log.UnifiedLog)
[2025-05-06 23:24:20,960] INFO Completed load of Log(dir=/tmp/kraft-combined-logs/__consumer_offsets-22, topicId=9jURusCTRomBpY-i-1O2zw, topic=__consumer_offsets, partition=22, highWatermark=0, lastStableOffset=0, logStartOffset=0, logEndOffset=0) with 1 segments, local-log-start-offset 0 and log-end-offset 0 in 2ms (45/52 completed in /tmp/kraft-combined-logs) (kafka.log.LogManager)
[2025-05-06 23:24:20,962] INFO [LogLoader partition=__consumer_offsets-18, dir=/tmp/kraft-combined-logs] Loading producer state till offset 0 (org.apache.kafka.storage.internals.log.UnifiedLog)
[2025-05-06 23:24:20,963] INFO Completed load of Log(dir=/tmp/kraft-combined-logs/__consumer_offsets-18, topicId=9jURusCTRomBpY-i-1O2zw, topic=__consumer_offsets, partition=18, highWatermark=0, lastStableOffset=0, logStartOffset=0, logEndOffset=0) with 1 segments, local-log-start-offset 0 and log-end-offset 0 in 2ms (46/52 completed in /tmp/kraft-combined-logs) (kafka.log.LogManager)
[2025-05-06 23:24:20,964] INFO [LogLoader partition=__consumer_offsets-31, dir=/tmp/kraft-combined-logs] Loading producer state till offset 0 (org.apache.kafka.storage.internals.log.UnifiedLog)
[2025-05-06 23:24:20,965] INFO Completed load of Log(dir=/tmp/kraft-combined-logs/__consumer_offsets-31, topicId=9jURusCTRomBpY-i-1O2zw, topic=__consumer_offsets, partition=31, highWatermark=0, lastStableOffset=0, logStartOffset=0, logEndOffset=0) with 1 segments, local-log-start-offset 0 and log-end-offset 0 in 2ms (47/52 completed in /tmp/kraft-combined-logs) (kafka.log.LogManager)
[2025-05-06 23:24:20,966] INFO [LogLoader partition=__consumer_offsets-27, dir=/tmp/kraft-combined-logs] Loading producer state till offset 0 (org.apache.kafka.storage.internals.log.UnifiedLog)
[2025-05-06 23:24:20,967] INFO Completed load of Log(dir=/tmp/kraft-combined-logs/__consumer_offsets-27, topicId=9jURusCTRomBpY-i-1O2zw, topic=__consumer_offsets, partition=27, highWatermark=0, lastStableOffset=0, logStartOffset=0, logEndOffset=0) with 1 segments, local-log-start-offset 0 and log-end-offset 0 in 3ms (48/52 completed in /tmp/kraft-combined-logs) (kafka.log.LogManager)
[2025-05-06 23:24:20,969] INFO [LogLoader partition=__consumer_offsets-39, dir=/tmp/kraft-combined-logs] Loading producer state till offset 0 (org.apache.kafka.storage.internals.log.UnifiedLog)
[2025-05-06 23:24:20,969] INFO Completed load of Log(dir=/tmp/kraft-combined-logs/__consumer_offsets-39, topicId=9jURusCTRomBpY-i-1O2zw, topic=__consumer_offsets, partition=39, highWatermark=0, lastStableOffset=0, logStartOffset=0, logEndOffset=0) with 1 segments, local-log-start-offset 0 and log-end-offset 0 in 2ms (49/52 completed in /tmp/kraft-combined-logs) (kafka.log.LogManager)
[2025-05-06 23:24:20,971] INFO [LogLoader partition=__consumer_offsets-6, dir=/tmp/kraft-combined-logs] Loading producer state till offset 0 (org.apache.kafka.storage.internals.log.UnifiedLog)
[2025-05-06 23:24:20,972] INFO Completed load of Log(dir=/tmp/kraft-combined-logs/__consumer_offsets-6, topicId=9jURusCTRomBpY-i-1O2zw, topic=__consumer_offsets, partition=6, highWatermark=0, lastStableOffset=0, logStartOffset=0, logEndOffset=0) with 1 segments, local-log-start-offset 0 and log-end-offset 0 in 2ms (50/52 completed in /tmp/kraft-combined-logs) (kafka.log.LogManager)
[2025-05-06 23:24:20,973] INFO [LogLoader partition=__consumer_offsets-35, dir=/tmp/kraft-combined-logs] Loading producer state till offset 0 (org.apache.kafka.storage.internals.log.UnifiedLog)
[2025-05-06 23:24:20,974] INFO Completed load of Log(dir=/tmp/kraft-combined-logs/__consumer_offsets-35, topicId=9jURusCTRomBpY-i-1O2zw, topic=__consumer_offsets, partition=35, highWatermark=0, lastStableOffset=0, logStartOffset=0, logEndOffset=0) with 1 segments, local-log-start-offset 0 and log-end-offset 0 in 2ms (51/52 completed in /tmp/kraft-combined-logs) (kafka.log.LogManager)
[2025-05-06 23:24:20,975] INFO [LogLoader partition=__consumer_offsets-2, dir=/tmp/kraft-combined-logs] Loading producer state till offset 0 (org.apache.kafka.storage.internals.log.UnifiedLog)
[2025-05-06 23:24:20,976] INFO Completed load of Log(dir=/tmp/kraft-combined-logs/__consumer_offsets-2, topicId=9jURusCTRomBpY-i-1O2zw, topic=__consumer_offsets, partition=2, highWatermark=0, lastStableOffset=0, logStartOffset=0, logEndOffset=0) with 1 segments, local-log-start-offset 0 and log-end-offset 0 in 2ms (52/52 completed in /tmp/kraft-combined-logs) (kafka.log.LogManager)
[2025-05-06 23:24:20,980] INFO Loaded 52 logs in 236ms (kafka.log.LogManager)
[2025-05-06 23:24:20,981] INFO Starting log cleanup with a period of 300000 ms. (kafka.log.LogManager)
[2025-05-06 23:24:20,981] INFO Starting log flusher with a default period of 9223372036854775807 ms. (kafka.log.LogManager)
[2025-05-06 23:24:20,982] INFO [BrokerLifecycleManager id=1] Unable to register broker 1 because the controller returned error DUPLICATE_BROKER_REGISTRATION (kafka.server.BrokerLifecycleManager)
[2025-05-06 23:24:21,028] INFO [kafka-log-cleaner-thread-0]: Starting (kafka.log.LogCleaner$CleanerThread)
[2025-05-06 23:24:21,030] INFO [LogDirFailureHandler]: Starting (kafka.server.ReplicaManager$LogDirFailureHandler)
[2025-05-06 23:24:21,030] INFO [AddPartitionsToTxnSenderThread-1]: Starting (kafka.server.AddPartitionsToTxnManager)
[2025-05-06 23:24:21,031] INFO [GroupCoordinator id=1] Starting up. (org.apache.kafka.coordinator.group.GroupCoordinatorService)
[2025-05-06 23:24:21,032] INFO [GroupCoordinator id=1] Startup complete. (org.apache.kafka.coordinator.group.GroupCoordinatorService)
[2025-05-06 23:24:21,032] INFO [TransactionCoordinator id=1] Starting up. (kafka.coordinator.transaction.TransactionCoordinator)
[2025-05-06 23:24:21,033] INFO [TxnMarkerSenderThread-1]: Starting (kafka.coordinator.transaction.TransactionMarkerChannelManager)
[2025-05-06 23:24:21,033] INFO [TransactionCoordinator id=1] Startup complete. (kafka.coordinator.transaction.TransactionCoordinator)
[2025-05-06 23:24:21,048] INFO [Partition __consumer_offsets-13 broker=1] Log loaded for partition __consumer_offsets-13 with initial high watermark 0 (kafka.cluster.Partition)
[2025-05-06 23:24:21,053] INFO [Partition __consumer_offsets-46 broker=1] Log loaded for partition __consumer_offsets-46 with initial high watermark 0 (kafka.cluster.Partition)
[2025-05-06 23:24:21,053] INFO [Partition __consumer_offsets-9 broker=1] Log loaded for partition __consumer_offsets-9 with initial high watermark 0 (kafka.cluster.Partition)
[2025-05-06 23:24:21,054] INFO [Partition __consumer_offsets-42 broker=1] Log loaded for partition __consumer_offsets-42 with initial high watermark 0 (kafka.cluster.Partition)
[2025-05-06 23:24:21,054] INFO [Partition __consumer_offsets-21 broker=1] Log loaded for partition __consumer_offsets-21 with initial high watermark 0 (kafka.cluster.Partition)
[2025-05-06 23:24:21,054] INFO [Partition __consumer_offsets-17 broker=1] Log loaded for partition __consumer_offsets-17 with initial high watermark 0 (kafka.cluster.Partition)
[2025-05-06 23:24:21,055] INFO [Partition __consumer_offsets-30 broker=1] Log loaded for partition __consumer_offsets-30 with initial high watermark 0 (kafka.cluster.Partition)
[2025-05-06 23:24:21,055] INFO [Partition __consumer_offsets-26 broker=1] Log loaded for partition __consumer_offsets-26 with initial high watermark 0 (kafka.cluster.Partition)
[2025-05-06 23:24:21,056] INFO [Partition __consumer_offsets-5 broker=1] Log loaded for partition __consumer_offsets-5 with initial high watermark 0 (kafka.cluster.Partition)
[2025-05-06 23:24:21,056] INFO [Partition __consumer_offsets-38 broker=1] Log loaded for partition __consumer_offsets-38 with initial high watermark 0 (kafka.cluster.Partition)
[2025-05-06 23:24:21,057] INFO [Partition __consumer_offsets-1 broker=1] Log loaded for partition __consumer_offsets-1 with initial high watermark 0 (kafka.cluster.Partition)
[2025-05-06 23:24:21,057] INFO [Partition __consumer_offsets-34 broker=1] Log loaded for partition __consumer_offsets-34 with initial high watermark 0 (kafka.cluster.Partition)
[2025-05-06 23:24:21,058] INFO [Partition __consumer_offsets-16 broker=1] Log loaded for partition __consumer_offsets-16 with initial high watermark 0 (kafka.cluster.Partition)
[2025-05-06 23:24:21,058] INFO [Partition __consumer_offsets-45 broker=1] Log loaded for partition __consumer_offsets-45 with initial high watermark 0 (kafka.cluster.Partition)
[2025-05-06 23:24:21,059] INFO [Partition __consumer_offsets-12 broker=1] Log loaded for partition __consumer_offsets-12 with initial high watermark 3 (kafka.cluster.Partition)
[2025-05-06 23:24:21,059] INFO [Partition __consumer_offsets-41 broker=1] Log loaded for partition __consumer_offsets-41 with initial high watermark 0 (kafka.cluster.Partition)
[2025-05-06 23:24:21,060] INFO [Partition __consumer_offsets-24 broker=1] Log loaded for partition __consumer_offsets-24 with initial high watermark 0 (kafka.cluster.Partition)
[2025-05-06 23:24:21,060] INFO [Partition __consumer_offsets-20 broker=1] Log loaded for partition __consumer_offsets-20 with initial high watermark 0 (kafka.cluster.Partition)
[2025-05-06 23:24:21,061] INFO [Partition __consumer_offsets-49 broker=1] Log loaded for partition __consumer_offsets-49 with initial high watermark 0 (kafka.cluster.Partition)
[2025-05-06 23:24:21,061] INFO [Partition __consumer_offsets-0 broker=1] Log loaded for partition __consumer_offsets-0 with initial high watermark 0 (kafka.cluster.Partition)
[2025-05-06 23:24:21,062] INFO [Partition __consumer_offsets-29 broker=1] Log loaded for partition __consumer_offsets-29 with initial high watermark 0 (kafka.cluster.Partition)
[2025-05-06 23:24:21,062] INFO [Partition __consumer_offsets-25 broker=1] Log loaded for partition __consumer_offsets-25 with initial high watermark 0 (kafka.cluster.Partition)
[2025-05-06 23:24:21,063] INFO [Partition __consumer_offsets-8 broker=1] Log loaded for partition __consumer_offsets-8 with initial high watermark 0 (kafka.cluster.Partition)
[2025-05-06 23:24:21,063] INFO [Partition __consumer_offsets-37 broker=1] Log loaded for partition __consumer_offsets-37 with initial high watermark 0 (kafka.cluster.Partition)
[2025-05-06 23:24:21,063] INFO [Partition __consumer_offsets-4 broker=1] Log loaded for partition __consumer_offsets-4 with initial high watermark 0 (kafka.cluster.Partition)
[2025-05-06 23:24:21,064] INFO [Partition __consumer_offsets-33 broker=1] Log loaded for partition __consumer_offsets-33 with initial high watermark 0 (kafka.cluster.Partition)
[2025-05-06 23:24:21,064] INFO [Partition __consumer_offsets-15 broker=1] Log loaded for partition __consumer_offsets-15 with initial high watermark 0 (kafka.cluster.Partition)
[2025-05-06 23:24:21,065] INFO [Partition __consumer_offsets-48 broker=1] Log loaded for partition __consumer_offsets-48 with initial high watermark 0 (kafka.cluster.Partition)
[2025-05-06 23:24:21,065] INFO [Partition tracking-0 broker=1] Log loaded for partition tracking-0 with initial high watermark 0 (kafka.cluster.Partition)
[2025-05-06 23:24:21,065] INFO [Partition __consumer_offsets-11 broker=1] Log loaded for partition __consumer_offsets-11 with initial high watermark 0 (kafka.cluster.Partition)
[2025-05-06 23:24:21,066] INFO [Partition __consumer_offsets-44 broker=1] Log loaded for partition __consumer_offsets-44 with initial high watermark 0 (kafka.cluster.Partition)
[2025-05-06 23:24:21,066] INFO [Partition __consumer_offsets-23 broker=1] Log loaded for partition __consumer_offsets-23 with initial high watermark 0 (kafka.cluster.Partition)
[2025-05-06 23:24:21,067] INFO [Partition __consumer_offsets-19 broker=1] Log loaded for partition __consumer_offsets-19 with initial high watermark 0 (kafka.cluster.Partition)
[2025-05-06 23:24:21,067] INFO [Partition __consumer_offsets-32 broker=1] Log loaded for partition __consumer_offsets-32 with initial high watermark 0 (kafka.cluster.Partition)
[2025-05-06 23:24:21,068] INFO [Partition __consumer_offsets-28 broker=1] Log loaded for partition __consumer_offsets-28 with initial high watermark 0 (kafka.cluster.Partition)
[2025-05-06 23:24:21,068] INFO [Partition __consumer_offsets-7 broker=1] Log loaded for partition __consumer_offsets-7 with initial high watermark 0 (kafka.cluster.Partition)
[2025-05-06 23:24:21,069] INFO [Partition __consumer_offsets-40 broker=1] Log loaded for partition __consumer_offsets-40 with initial high watermark 0 (kafka.cluster.Partition)
[2025-05-06 23:24:21,069] INFO [Partition __consumer_offsets-3 broker=1] Log loaded for partition __consumer_offsets-3 with initial high watermark 0 (kafka.cluster.Partition)
[2025-05-06 23:24:21,069] INFO [Partition __consumer_offsets-36 broker=1] Log loaded for partition __consumer_offsets-36 with initial high watermark 0 (kafka.cluster.Partition)
[2025-05-06 23:24:21,070] INFO [Partition __consumer_offsets-47 broker=1] Log loaded for partition __consumer_offsets-47 with initial high watermark 0 (kafka.cluster.Partition)
[2025-05-06 23:24:21,070] INFO [Partition __consumer_offsets-14 broker=1] Log loaded for partition __consumer_offsets-14 with initial high watermark 0 (kafka.cluster.Partition)
[2025-05-06 23:24:21,071] INFO [Partition __consumer_offsets-43 broker=1] Log loaded for partition __consumer_offsets-43 with initial high watermark 0 (kafka.cluster.Partition)
[2025-05-06 23:24:21,071] INFO [Partition __consumer_offsets-10 broker=1] Log loaded for partition __consumer_offsets-10 with initial high watermark 0 (kafka.cluster.Partition)
[2025-05-06 23:24:21,072] INFO [Partition __consumer_offsets-22 broker=1] Log loaded for partition __consumer_offsets-22 with initial high watermark 0 (kafka.cluster.Partition)
[2025-05-06 23:24:21,072] INFO [Partition __consumer_offsets-18 broker=1] Log loaded for partition __consumer_offsets-18 with initial high watermark 0 (kafka.cluster.Partition)
[2025-05-06 23:24:21,073] INFO [Partition __consumer_offsets-31 broker=1] Log loaded for partition __consumer_offsets-31 with initial high watermark 0 (kafka.cluster.Partition)
[2025-05-06 23:24:21,073] INFO [Partition __consumer_offsets-27 broker=1] Log loaded for partition __consumer_offsets-27 with initial high watermark 0 (kafka.cluster.Partition)
[2025-05-06 23:24:21,074] INFO [Partition __consumer_offsets-39 broker=1] Log loaded for partition __consumer_offsets-39 with initial high watermark 0 (kafka.cluster.Partition)
[2025-05-06 23:24:21,074] INFO [Partition __consumer_offsets-6 broker=1] Log loaded for partition __consumer_offsets-6 with initial high watermark 0 (kafka.cluster.Partition)
[2025-05-06 23:24:21,075] INFO [Partition __consumer_offsets-35 broker=1] Log loaded for partition __consumer_offsets-35 with initial high watermark 0 (kafka.cluster.Partition)
[2025-05-06 23:24:21,075] INFO [Partition __consumer_offsets-2 broker=1] Log loaded for partition __consumer_offsets-2 with initial high watermark 0 (kafka.cluster.Partition)
[2025-05-06 23:24:21,076] INFO [ReplicaFetcherManager on broker 1] Removed fetcher for partitions Set(__consumer_offsets-13, __consumer_offsets-46, __consumer_offsets-9, __consumer_offsets-42, __consumer_offsets-21, __consumer_offsets-17, __consumer_offsets-30, __consumer_offsets-26, __consumer_offsets-5, __consumer_offsets-38, __consumer_offsets-1, __consumer_offsets-34, __consumer_offsets-16, __consumer_offsets-45, __consumer_offsets-12, __consumer_offsets-41, __consumer_offsets-24, __consumer_offsets-20, __consumer_offsets-49, __consumer_offsets-0, __consumer_offsets-29, __consumer_offsets-25, __consumer_offsets-8, __consumer_offsets-37, __consumer_offsets-4, __consumer_offsets-33, __consumer_offsets-15, __consumer_offsets-48, tracking-0, __consumer_offsets-11, __consumer_offsets-44, __consumer_offsets-23, __consumer_offsets-19, __consumer_offsets-32, __consumer_offsets-28, __consumer_offsets-7, __consumer_offsets-40, __consumer_offsets-3, __consumer_offsets-36, __consumer_offsets-47, __consumer_offsets-14, __consumer_offsets-43, __consumer_offsets-10, __consumer_offsets-22, __consumer_offsets-18, __consumer_offsets-31, __consumer_offsets-27, __consumer_offsets-39, __consumer_offsets-6, __consumer_offsets-35, __consumer_offsets-2) (kafka.server.ReplicaFetcherManager)
[2025-05-06 23:24:21,087] INFO [GroupCoordinator id=1] Scheduling unloading of metadata for __consumer_offsets-13 with epoch OptionalInt[1] (org.apache.kafka.coordinator.common.runtime.CoordinatorRuntime)
[2025-05-06 23:24:21,088] INFO [GroupCoordinator id=1] Scheduling unloading of metadata for __consumer_offsets-46 with epoch OptionalInt[1] (org.apache.kafka.coordinator.common.runtime.CoordinatorRuntime)
[2025-05-06 23:24:21,088] INFO [GroupCoordinator id=1] Scheduling unloading of metadata for __consumer_offsets-9 with epoch OptionalInt[1] (org.apache.kafka.coordinator.common.runtime.CoordinatorRuntime)
[2025-05-06 23:24:21,088] INFO [GroupCoordinator id=1] Scheduling unloading of metadata for __consumer_offsets-42 with epoch OptionalInt[1] (org.apache.kafka.coordinator.common.runtime.CoordinatorRuntime)
[2025-05-06 23:24:21,089] INFO [GroupCoordinator id=1] Ignored unloading metadata for __consumer_offsets-13 in epoch OptionalInt[1] since metadata was never loaded. (org.apache.kafka.coordinator.common.runtime.CoordinatorRuntime)
[2025-05-06 23:24:21,089] INFO [GroupCoordinator id=1] Scheduling unloading of metadata for __consumer_offsets-21 with epoch OptionalInt[1] (org.apache.kafka.coordinator.common.runtime.CoordinatorRuntime)
[2025-05-06 23:24:21,089] INFO [GroupCoordinator id=1] Ignored unloading metadata for __consumer_offsets-9 in epoch OptionalInt[1] since metadata was never loaded. (org.apache.kafka.coordinator.common.runtime.CoordinatorRuntime)
[2025-05-06 23:24:21,089] INFO [GroupCoordinator id=1] Scheduling unloading of metadata for __consumer_offsets-17 with epoch OptionalInt[1] (org.apache.kafka.coordinator.common.runtime.CoordinatorRuntime)
[2025-05-06 23:24:21,089] INFO [GroupCoordinator id=1] Ignored unloading metadata for __consumer_offsets-46 in epoch OptionalInt[1] since metadata was never loaded. (org.apache.kafka.coordinator.common.runtime.CoordinatorRuntime)
[2025-05-06 23:24:21,089] INFO [GroupCoordinator id=1] Ignored unloading metadata for __consumer_offsets-21 in epoch OptionalInt[1] since metadata was never loaded. (org.apache.kafka.coordinator.common.runtime.CoordinatorRuntime)
[2025-05-06 23:24:21,089] INFO [GroupCoordinator id=1] Ignored unloading metadata for __consumer_offsets-42 in epoch OptionalInt[1] since metadata was never loaded. (org.apache.kafka.coordinator.common.runtime.CoordinatorRuntime)
[2025-05-06 23:24:21,089] INFO [GroupCoordinator id=1] Ignored unloading metadata for __consumer_offsets-17 in epoch OptionalInt[1] since metadata was never loaded. (org.apache.kafka.coordinator.common.runtime.CoordinatorRuntime)
[2025-05-06 23:24:21,089] INFO [GroupCoordinator id=1] Scheduling unloading of metadata for __consumer_offsets-30 with epoch OptionalInt[1] (org.apache.kafka.coordinator.common.runtime.CoordinatorRuntime)
[2025-05-06 23:24:21,089] INFO [GroupCoordinator id=1] Scheduling unloading of metadata for __consumer_offsets-26 with epoch OptionalInt[1] (org.apache.kafka.coordinator.common.runtime.CoordinatorRuntime)
[2025-05-06 23:24:21,089] INFO [GroupCoordinator id=1] Ignored unloading metadata for __consumer_offsets-30 in epoch OptionalInt[1] since metadata was never loaded. (org.apache.kafka.coordinator.common.runtime.CoordinatorRuntime)
[2025-05-06 23:24:21,089] INFO [GroupCoordinator id=1] Scheduling unloading of metadata for __consumer_offsets-5 with epoch OptionalInt[1] (org.apache.kafka.coordinator.common.runtime.CoordinatorRuntime)
[2025-05-06 23:24:21,089] INFO [GroupCoordinator id=1] Ignored unloading metadata for __consumer_offsets-26 in epoch OptionalInt[1] since metadata was never loaded. (org.apache.kafka.coordinator.common.runtime.CoordinatorRuntime)
[2025-05-06 23:24:21,090] INFO [GroupCoordinator id=1] Scheduling unloading of metadata for __consumer_offsets-38 with epoch OptionalInt[1] (org.apache.kafka.coordinator.common.runtime.CoordinatorRuntime)
[2025-05-06 23:24:21,090] INFO [GroupCoordinator id=1] Ignored unloading metadata for __consumer_offsets-5 in epoch OptionalInt[1] since metadata was never loaded. (org.apache.kafka.coordinator.common.runtime.CoordinatorRuntime)
[2025-05-06 23:24:21,090] INFO [GroupCoordinator id=1] Scheduling unloading of metadata for __consumer_offsets-1 with epoch OptionalInt[1] (org.apache.kafka.coordinator.common.runtime.CoordinatorRuntime)
[2025-05-06 23:24:21,090] INFO [GroupCoordinator id=1] Ignored unloading metadata for __consumer_offsets-38 in epoch OptionalInt[1] since metadata was never loaded. (org.apache.kafka.coordinator.common.runtime.CoordinatorRuntime)
[2025-05-06 23:24:21,090] INFO [GroupCoordinator id=1] Scheduling unloading of metadata for __consumer_offsets-34 with epoch OptionalInt[1] (org.apache.kafka.coordinator.common.runtime.CoordinatorRuntime)
[2025-05-06 23:24:21,090] INFO [GroupCoordinator id=1] Ignored unloading metadata for __consumer_offsets-1 in epoch OptionalInt[1] since metadata was never loaded. (org.apache.kafka.coordinator.common.runtime.CoordinatorRuntime)
[2025-05-06 23:24:21,090] INFO [GroupCoordinator id=1] Ignored unloading metadata for __consumer_offsets-34 in epoch OptionalInt[1] since metadata was never loaded. (org.apache.kafka.coordinator.common.runtime.CoordinatorRuntime)
[2025-05-06 23:24:21,090] INFO [GroupCoordinator id=1] Scheduling unloading of metadata for __consumer_offsets-16 with epoch OptionalInt[1] (org.apache.kafka.coordinator.common.runtime.CoordinatorRuntime)
[2025-05-06 23:24:21,090] INFO [GroupCoordinator id=1] Scheduling unloading of metadata for __consumer_offsets-45 with epoch OptionalInt[1] (org.apache.kafka.coordinator.common.runtime.CoordinatorRuntime)
[2025-05-06 23:24:21,090] INFO [GroupCoordinator id=1] Ignored unloading metadata for __consumer_offsets-16 in epoch OptionalInt[1] since metadata was never loaded. (org.apache.kafka.coordinator.common.runtime.CoordinatorRuntime)
[2025-05-06 23:24:21,090] INFO [GroupCoordinator id=1] Scheduling unloading of metadata for __consumer_offsets-12 with epoch OptionalInt[1] (org.apache.kafka.coordinator.common.runtime.CoordinatorRuntime)
[2025-05-06 23:24:21,091] INFO [GroupCoordinator id=1] Ignored unloading metadata for __consumer_offsets-45 in epoch OptionalInt[1] since metadata was never loaded. (org.apache.kafka.coordinator.common.runtime.CoordinatorRuntime)
[2025-05-06 23:24:21,091] INFO [GroupCoordinator id=1] Scheduling unloading of metadata for __consumer_offsets-41 with epoch OptionalInt[1] (org.apache.kafka.coordinator.common.runtime.CoordinatorRuntime)
[2025-05-06 23:24:21,091] INFO [GroupCoordinator id=1] Ignored unloading metadata for __consumer_offsets-12 in epoch OptionalInt[1] since metadata was never loaded. (org.apache.kafka.coordinator.common.runtime.CoordinatorRuntime)
[2025-05-06 23:24:21,091] INFO [GroupCoordinator id=1] Scheduling unloading of metadata for __consumer_offsets-24 with epoch OptionalInt[1] (org.apache.kafka.coordinator.common.runtime.CoordinatorRuntime)
[2025-05-06 23:24:21,091] INFO [GroupCoordinator id=1] Ignored unloading metadata for __consumer_offsets-41 in epoch OptionalInt[1] since metadata was never loaded. (org.apache.kafka.coordinator.common.runtime.CoordinatorRuntime)
[2025-05-06 23:24:21,091] INFO [GroupCoordinator id=1] Scheduling unloading of metadata for __consumer_offsets-20 with epoch OptionalInt[1] (org.apache.kafka.coordinator.common.runtime.CoordinatorRuntime)
[2025-05-06 23:24:21,091] INFO [GroupCoordinator id=1] Ignored unloading metadata for __consumer_offsets-24 in epoch OptionalInt[1] since metadata was never loaded. (org.apache.kafka.coordinator.common.runtime.CoordinatorRuntime)
[2025-05-06 23:24:21,091] INFO [GroupCoordinator id=1] Scheduling unloading of metadata for __consumer_offsets-49 with epoch OptionalInt[1] (org.apache.kafka.coordinator.common.runtime.CoordinatorRuntime)
[2025-05-06 23:24:21,091] INFO [GroupCoordinator id=1] Ignored unloading metadata for __consumer_offsets-20 in epoch OptionalInt[1] since metadata was never loaded. (org.apache.kafka.coordinator.common.runtime.CoordinatorRuntime)
[2025-05-06 23:24:21,091] INFO [GroupCoordinator id=1] Scheduling unloading of metadata for __consumer_offsets-0 with epoch OptionalInt[1] (org.apache.kafka.coordinator.common.runtime.CoordinatorRuntime)
[2025-05-06 23:24:21,091] INFO [GroupCoordinator id=1] Ignored unloading metadata for __consumer_offsets-49 in epoch OptionalInt[1] since metadata was never loaded. (org.apache.kafka.coordinator.common.runtime.CoordinatorRuntime)
[2025-05-06 23:24:21,091] INFO [GroupCoordinator id=1] Scheduling unloading of metadata for __consumer_offsets-29 with epoch OptionalInt[1] (org.apache.kafka.coordinator.common.runtime.CoordinatorRuntime)
[2025-05-06 23:24:21,091] INFO [GroupCoordinator id=1] Ignored unloading metadata for __consumer_offsets-0 in epoch OptionalInt[1] since metadata was never loaded. (org.apache.kafka.coordinator.common.runtime.CoordinatorRuntime)
[2025-05-06 23:24:21,091] INFO [GroupCoordinator id=1] Scheduling unloading of metadata for __consumer_offsets-25 with epoch OptionalInt[1] (org.apache.kafka.coordinator.common.runtime.CoordinatorRuntime)
[2025-05-06 23:24:21,091] INFO [GroupCoordinator id=1] Ignored unloading metadata for __consumer_offsets-29 in epoch OptionalInt[1] since metadata was never loaded. (org.apache.kafka.coordinator.common.runtime.CoordinatorRuntime)
[2025-05-06 23:24:21,092] INFO [GroupCoordinator id=1] Scheduling unloading of metadata for __consumer_offsets-8 with epoch OptionalInt[1] (org.apache.kafka.coordinator.common.runtime.CoordinatorRuntime)
[2025-05-06 23:24:21,092] INFO [GroupCoordinator id=1] Ignored unloading metadata for __consumer_offsets-25 in epoch OptionalInt[1] since metadata was never loaded. (org.apache.kafka.coordinator.common.runtime.CoordinatorRuntime)
[2025-05-06 23:24:21,092] INFO [GroupCoordinator id=1] Scheduling unloading of metadata for __consumer_offsets-37 with epoch OptionalInt[1] (org.apache.kafka.coordinator.common.runtime.CoordinatorRuntime)
[2025-05-06 23:24:21,092] INFO [GroupCoordinator id=1] Ignored unloading metadata for __consumer_offsets-8 in epoch OptionalInt[1] since metadata was never loaded. (org.apache.kafka.coordinator.common.runtime.CoordinatorRuntime)
[2025-05-06 23:24:21,092] INFO [GroupCoordinator id=1] Scheduling unloading of metadata for __consumer_offsets-4 with epoch OptionalInt[1] (org.apache.kafka.coordinator.common.runtime.CoordinatorRuntime)
[2025-05-06 23:24:21,092] INFO [GroupCoordinator id=1] Ignored unloading metadata for __consumer_offsets-37 in epoch OptionalInt[1] since metadata was never loaded. (org.apache.kafka.coordinator.common.runtime.CoordinatorRuntime)
[2025-05-06 23:24:21,092] INFO [GroupCoordinator id=1] Scheduling unloading of metadata for __consumer_offsets-33 with epoch OptionalInt[1] (org.apache.kafka.coordinator.common.runtime.CoordinatorRuntime)
[2025-05-06 23:24:21,092] INFO [GroupCoordinator id=1] Ignored unloading metadata for __consumer_offsets-4 in epoch OptionalInt[1] since metadata was never loaded. (org.apache.kafka.coordinator.common.runtime.CoordinatorRuntime)
[2025-05-06 23:24:21,092] INFO [GroupCoordinator id=1] Scheduling unloading of metadata for __consumer_offsets-15 with epoch OptionalInt[1] (org.apache.kafka.coordinator.common.runtime.CoordinatorRuntime)
[2025-05-06 23:24:21,092] INFO [GroupCoordinator id=1] Ignored unloading metadata for __consumer_offsets-33 in epoch OptionalInt[1] since metadata was never loaded. (org.apache.kafka.coordinator.common.runtime.CoordinatorRuntime)
[2025-05-06 23:24:21,092] INFO [GroupCoordinator id=1] Scheduling unloading of metadata for __consumer_offsets-48 with epoch OptionalInt[1] (org.apache.kafka.coordinator.common.runtime.CoordinatorRuntime)
[2025-05-06 23:24:21,092] INFO [GroupCoordinator id=1] Ignored unloading metadata for __consumer_offsets-15 in epoch OptionalInt[1] since metadata was never loaded. (org.apache.kafka.coordinator.common.runtime.CoordinatorRuntime)
[2025-05-06 23:24:21,092] INFO [GroupCoordinator id=1] Scheduling unloading of metadata for __consumer_offsets-11 with epoch OptionalInt[1] (org.apache.kafka.coordinator.common.runtime.CoordinatorRuntime)
[2025-05-06 23:24:21,092] INFO [GroupCoordinator id=1] Ignored unloading metadata for __consumer_offsets-48 in epoch OptionalInt[1] since metadata was never loaded. (org.apache.kafka.coordinator.common.runtime.CoordinatorRuntime)
[2025-05-06 23:24:21,092] INFO [GroupCoordinator id=1] Scheduling unloading of metadata for __consumer_offsets-44 with epoch OptionalInt[1] (org.apache.kafka.coordinator.common.runtime.CoordinatorRuntime)
[2025-05-06 23:24:21,093] INFO [GroupCoordinator id=1] Scheduling unloading of metadata for __consumer_offsets-23 with epoch OptionalInt[1] (org.apache.kafka.coordinator.common.runtime.CoordinatorRuntime)
[2025-05-06 23:24:21,093] INFO [GroupCoordinator id=1] Ignored unloading metadata for __consumer_offsets-44 in epoch OptionalInt[1] since metadata was never loaded. (org.apache.kafka.coordinator.common.runtime.CoordinatorRuntime)
[2025-05-06 23:24:21,093] INFO [GroupCoordinator id=1] Ignored unloading metadata for __consumer_offsets-11 in epoch OptionalInt[1] since metadata was never loaded. (org.apache.kafka.coordinator.common.runtime.CoordinatorRuntime)
[2025-05-06 23:24:21,093] INFO [GroupCoordinator id=1] Scheduling unloading of metadata for __consumer_offsets-19 with epoch OptionalInt[1] (org.apache.kafka.coordinator.common.runtime.CoordinatorRuntime)
[2025-05-06 23:24:21,093] INFO [GroupCoordinator id=1] Ignored unloading metadata for __consumer_offsets-23 in epoch OptionalInt[1] since metadata was never loaded. (org.apache.kafka.coordinator.common.runtime.CoordinatorRuntime)
[2025-05-06 23:24:21,093] INFO [GroupCoordinator id=1] Scheduling unloading of metadata for __consumer_offsets-32 with epoch OptionalInt[1] (org.apache.kafka.coordinator.common.runtime.CoordinatorRuntime)
[2025-05-06 23:24:21,093] INFO [GroupCoordinator id=1] Ignored unloading metadata for __consumer_offsets-19 in epoch OptionalInt[1] since metadata was never loaded. (org.apache.kafka.coordinator.common.runtime.CoordinatorRuntime)
[2025-05-06 23:24:21,093] INFO [GroupCoordinator id=1] Scheduling unloading of metadata for __consumer_offsets-28 with epoch OptionalInt[1] (org.apache.kafka.coordinator.common.runtime.CoordinatorRuntime)
[2025-05-06 23:24:21,093] INFO [GroupCoordinator id=1] Ignored unloading metadata for __consumer_offsets-32 in epoch OptionalInt[1] since metadata was never loaded. (org.apache.kafka.coordinator.common.runtime.CoordinatorRuntime)
[2025-05-06 23:24:21,093] INFO [GroupCoordinator id=1] Scheduling unloading of metadata for __consumer_offsets-7 with epoch OptionalInt[1] (org.apache.kafka.coordinator.common.runtime.CoordinatorRuntime)
[2025-05-06 23:24:21,093] INFO [GroupCoordinator id=1] Ignored unloading metadata for __consumer_offsets-28 in epoch OptionalInt[1] since metadata was never loaded. (org.apache.kafka.coordinator.common.runtime.CoordinatorRuntime)
[2025-05-06 23:24:21,093] INFO [GroupCoordinator id=1] Scheduling unloading of metadata for __consumer_offsets-40 with epoch OptionalInt[1] (org.apache.kafka.coordinator.common.runtime.CoordinatorRuntime)
[2025-05-06 23:24:21,093] INFO [GroupCoordinator id=1] Ignored unloading metadata for __consumer_offsets-7 in epoch OptionalInt[1] since metadata was never loaded. (org.apache.kafka.coordinator.common.runtime.CoordinatorRuntime)
[2025-05-06 23:24:21,093] INFO [GroupCoordinator id=1] Ignored unloading metadata for __consumer_offsets-40 in epoch OptionalInt[1] since metadata was never loaded. (org.apache.kafka.coordinator.common.runtime.CoordinatorRuntime)
[2025-05-06 23:24:21,093] INFO [GroupCoordinator id=1] Scheduling unloading of metadata for __consumer_offsets-3 with epoch OptionalInt[1] (org.apache.kafka.coordinator.common.runtime.CoordinatorRuntime)
[2025-05-06 23:24:21,094] INFO [GroupCoordinator id=1] Scheduling unloading of metadata for __consumer_offsets-36 with epoch OptionalInt[1] (org.apache.kafka.coordinator.common.runtime.CoordinatorRuntime)
[2025-05-06 23:24:21,094] INFO [GroupCoordinator id=1] Ignored unloading metadata for __consumer_offsets-3 in epoch OptionalInt[1] since metadata was never loaded. (org.apache.kafka.coordinator.common.runtime.CoordinatorRuntime)
[2025-05-06 23:24:21,094] INFO [GroupCoordinator id=1] Scheduling unloading of metadata for __consumer_offsets-47 with epoch OptionalInt[1] (org.apache.kafka.coordinator.common.runtime.CoordinatorRuntime)
[2025-05-06 23:24:21,094] INFO [GroupCoordinator id=1] Ignored unloading metadata for __consumer_offsets-36 in epoch OptionalInt[1] since metadata was never loaded. (org.apache.kafka.coordinator.common.runtime.CoordinatorRuntime)
[2025-05-06 23:24:21,094] INFO [GroupCoordinator id=1] Scheduling unloading of metadata for __consumer_offsets-14 with epoch OptionalInt[1] (org.apache.kafka.coordinator.common.runtime.CoordinatorRuntime)
[2025-05-06 23:24:21,094] INFO [GroupCoordinator id=1] Ignored unloading metadata for __consumer_offsets-47 in epoch OptionalInt[1] since metadata was never loaded. (org.apache.kafka.coordinator.common.runtime.CoordinatorRuntime)
[2025-05-06 23:24:21,094] INFO [GroupCoordinator id=1] Scheduling unloading of metadata for __consumer_offsets-43 with epoch OptionalInt[1] (org.apache.kafka.coordinator.common.runtime.CoordinatorRuntime)
[2025-05-06 23:24:21,094] INFO [GroupCoordinator id=1] Ignored unloading metadata for __consumer_offsets-14 in epoch OptionalInt[1] since metadata was never loaded. (org.apache.kafka.coordinator.common.runtime.CoordinatorRuntime)
[2025-05-06 23:24:21,094] INFO [GroupCoordinator id=1] Scheduling unloading of metadata for __consumer_offsets-10 with epoch OptionalInt[1] (org.apache.kafka.coordinator.common.runtime.CoordinatorRuntime)
[2025-05-06 23:24:21,094] INFO [GroupCoordinator id=1] Ignored unloading metadata for __consumer_offsets-43 in epoch OptionalInt[1] since metadata was never loaded. (org.apache.kafka.coordinator.common.runtime.CoordinatorRuntime)
[2025-05-06 23:24:21,094] INFO [GroupCoordinator id=1] Scheduling unloading of metadata for __consumer_offsets-22 with epoch OptionalInt[1] (org.apache.kafka.coordinator.common.runtime.CoordinatorRuntime)
[2025-05-06 23:24:21,094] INFO [GroupCoordinator id=1] Ignored unloading metadata for __consumer_offsets-10 in epoch OptionalInt[1] since metadata was never loaded. (org.apache.kafka.coordinator.common.runtime.CoordinatorRuntime)
[2025-05-06 23:24:21,094] INFO [GroupCoordinator id=1] Scheduling unloading of metadata for __consumer_offsets-18 with epoch OptionalInt[1] (org.apache.kafka.coordinator.common.runtime.CoordinatorRuntime)
[2025-05-06 23:24:21,094] INFO [GroupCoordinator id=1] Ignored unloading metadata for __consumer_offsets-22 in epoch OptionalInt[1] since metadata was never loaded. (org.apache.kafka.coordinator.common.runtime.CoordinatorRuntime)
[2025-05-06 23:24:21,095] INFO [GroupCoordinator id=1] Scheduling unloading of metadata for __consumer_offsets-31 with epoch OptionalInt[1] (org.apache.kafka.coordinator.common.runtime.CoordinatorRuntime)
[2025-05-06 23:24:21,095] INFO [GroupCoordinator id=1] Ignored unloading metadata for __consumer_offsets-18 in epoch OptionalInt[1] since metadata was never loaded. (org.apache.kafka.coordinator.common.runtime.CoordinatorRuntime)
[2025-05-06 23:24:21,095] INFO [GroupCoordinator id=1] Scheduling unloading of metadata for __consumer_offsets-27 with epoch OptionalInt[1] (org.apache.kafka.coordinator.common.runtime.CoordinatorRuntime)
[2025-05-06 23:24:21,095] INFO [GroupCoordinator id=1] Ignored unloading metadata for __consumer_offsets-31 in epoch OptionalInt[1] since metadata was never loaded. (org.apache.kafka.coordinator.common.runtime.CoordinatorRuntime)
[2025-05-06 23:24:21,095] INFO [GroupCoordinator id=1] Scheduling unloading of metadata for __consumer_offsets-39 with epoch OptionalInt[1] (org.apache.kafka.coordinator.common.runtime.CoordinatorRuntime)
[2025-05-06 23:24:21,095] INFO [GroupCoordinator id=1] Ignored unloading metadata for __consumer_offsets-27 in epoch OptionalInt[1] since metadata was never loaded. (org.apache.kafka.coordinator.common.runtime.CoordinatorRuntime)
[2025-05-06 23:24:21,095] INFO [GroupCoordinator id=1] Scheduling unloading of metadata for __consumer_offsets-6 with epoch OptionalInt[1] (org.apache.kafka.coordinator.common.runtime.CoordinatorRuntime)
[2025-05-06 23:24:21,095] INFO [GroupCoordinator id=1] Ignored unloading metadata for __consumer_offsets-39 in epoch OptionalInt[1] since metadata was never loaded. (org.apache.kafka.coordinator.common.runtime.CoordinatorRuntime)
[2025-05-06 23:24:21,095] INFO [GroupCoordinator id=1] Scheduling unloading of metadata for __consumer_offsets-35 with epoch OptionalInt[1] (org.apache.kafka.coordinator.common.runtime.CoordinatorRuntime)
[2025-05-06 23:24:21,095] INFO [GroupCoordinator id=1] Ignored unloading metadata for __consumer_offsets-6 in epoch OptionalInt[1] since metadata was never loaded. (org.apache.kafka.coordinator.common.runtime.CoordinatorRuntime)
[2025-05-06 23:24:21,095] INFO [GroupCoordinator id=1] Scheduling unloading of metadata for __consumer_offsets-2 with epoch OptionalInt[1] (org.apache.kafka.coordinator.common.runtime.CoordinatorRuntime)
[2025-05-06 23:24:21,095] INFO [GroupCoordinator id=1] Ignored unloading metadata for __consumer_offsets-35 in epoch OptionalInt[1] since metadata was never loaded. (org.apache.kafka.coordinator.common.runtime.CoordinatorRuntime)
[2025-05-06 23:24:21,095] INFO [GroupCoordinator id=1] Ignored unloading metadata for __consumer_offsets-2 in epoch OptionalInt[1] since metadata was never loaded. (org.apache.kafka.coordinator.common.runtime.CoordinatorRuntime)
[2025-05-06 23:24:21,100] INFO [DynamicConfigPublisher broker id=1] Updating topic __consumer_offsets with new configuration : compression.type -> producer,cleanup.policy -> compact,segment.bytes -> 104857600 (kafka.server.metadata.DynamicConfigPublisher)
[2025-05-06 23:24:21,105] INFO [MetadataLoader id=1] InitializeNewPublishers: initializing BrokerRegistrationTracker(id=1) with a snapshot at offset 3365 (org.apache.kafka.image.loader.MetadataLoader)
[2025-05-06 23:24:21,380] INFO [BrokerLifecycleManager id=1] Unable to register broker 1 because the controller returned error DUPLICATE_BROKER_REGISTRATION (kafka.server.BrokerLifecycleManager)
[2025-05-06 23:24:22,179] INFO [BrokerLifecycleManager id=1] Unable to register broker 1 because the controller returned error DUPLICATE_BROKER_REGISTRATION (kafka.server.BrokerLifecycleManager)
[2025-05-06 23:24:23,777] INFO [BrokerLifecycleManager id=1] Unable to register broker 1 because the controller returned error DUPLICATE_BROKER_REGISTRATION (kafka.server.BrokerLifecycleManager)
[2025-05-06 23:24:26,579] INFO Terminating process due to signal SIGINT (org.apache.kafka.common.utils.LoggingSignalHandler)
[2025-05-06 23:24:26,582] INFO [ControllerServer id=1] shutting down (kafka.server.ControllerServer)
[2025-05-06 23:24:26,584] INFO [raft-expiration-reaper]: Shutting down (kafka.raft.TimingWheelExpirationService$ExpiredOperationReaper)
[2025-05-06 23:24:26,694] INFO [raft-expiration-reaper]: Stopped (kafka.raft.TimingWheelExpirationService$ExpiredOperationReaper)
[2025-05-06 23:24:26,695] INFO [raft-expiration-reaper]: Shutdown completed (kafka.raft.TimingWheelExpirationService$ExpiredOperationReaper)
[2025-05-06 23:24:26,696] INFO [kafka-1-raft-io-thread]: Shutting down (org.apache.kafka.raft.KafkaRaftClientDriver)
[2025-05-06 23:24:26,697] INFO [RaftManager id=1] Beginning graceful shutdown (org.apache.kafka.raft.KafkaRaftClient)
[2025-05-06 23:24:26,698] INFO [RaftManager id=1] Graceful shutdown completed (org.apache.kafka.raft.KafkaRaftClient)
[2025-05-06 23:24:26,698] INFO [RaftManager id=1] Completed graceful shutdown of RaftClient (org.apache.kafka.raft.KafkaRaftClientDriver)
[2025-05-06 23:24:26,698] INFO [kafka-1-raft-io-thread]: Stopped (org.apache.kafka.raft.KafkaRaftClientDriver)
[2025-05-06 23:24:26,698] INFO [kafka-1-raft-io-thread]: Shutdown completed (org.apache.kafka.raft.KafkaRaftClientDriver)
[2025-05-06 23:24:26,701] INFO [kafka-1-raft-outbound-request-thread]: Shutting down (org.apache.kafka.raft.KafkaNetworkChannel$SendThread)
[2025-05-06 23:24:26,701] INFO [kafka-1-raft-outbound-request-thread]: Shutdown completed (org.apache.kafka.raft.KafkaNetworkChannel$SendThread)
[2025-05-06 23:24:26,701] INFO [kafka-1-raft-outbound-request-thread]: Stopped (org.apache.kafka.raft.KafkaNetworkChannel$SendThread)
[2025-05-06 23:24:26,721] INFO [ProducerStateManager partition=__cluster_metadata-0] Wrote producer snapshot at offset 3378 with 0 producer ids in 14 ms. (org.apache.kafka.storage.internals.log.ProducerStateManager)
[2025-05-06 23:24:26,727] INFO [ControllerRegistrationManager id=1 incarnation=reVFQEvGT0q6javPPN8qhg] beginShutdown: shutting down event queue. (org.apache.kafka.queue.KafkaEventQueue)
[2025-05-06 23:24:26,728] INFO [ControllerRegistrationManager id=1 incarnation=reVFQEvGT0q6javPPN8qhg] shutting down. (kafka.server.ControllerRegistrationManager)
[2025-05-06 23:24:26,728] INFO [controller-1-to-controller-registration-channel-manager]: Shutting down (kafka.server.NodeToControllerRequestThread)
[2025-05-06 23:24:26,728] INFO [controller-1-to-controller-registration-channel-manager]: Stopped (kafka.server.NodeToControllerRequestThread)
[2025-05-06 23:24:26,728] INFO [controller-1-to-controller-registration-channel-manager]: Shutdown completed (kafka.server.NodeToControllerRequestThread)
[2025-05-06 23:24:26,735] INFO Node to controller channel manager for registration shutdown (kafka.server.NodeToControllerChannelManagerImpl)
[2025-05-06 23:24:26,735] INFO [ControllerRegistrationManager id=1 incarnation=reVFQEvGT0q6javPPN8qhg] closed event queue. (org.apache.kafka.queue.KafkaEventQueue)
[2025-05-06 23:24:26,736] INFO [controller-1-to-controller-registration-channel-manager]: Shutdown completed (kafka.server.NodeToControllerRequestThread)
[2025-05-06 23:24:26,736] WARN [NodeToControllerChannelManager id=1 name=registration] Attempting to close NetworkClient that has already been closed. (org.apache.kafka.clients.NetworkClient)
[2025-05-06 23:24:26,736] INFO Node to controller channel manager for registration shutdown (kafka.server.NodeToControllerChannelManagerImpl)
[2025-05-06 23:24:26,737] INFO [ControllerRegistrationManager id=1 incarnation=reVFQEvGT0q6javPPN8qhg] closed event queue. (org.apache.kafka.queue.KafkaEventQueue)
[2025-05-06 23:24:26,739] INFO [SocketServer listenerType=CONTROLLER, nodeId=1] Stopping socket server request processors (kafka.network.SocketServer)
[2025-05-06 23:24:26,742] INFO [NodeToControllerChannelManager id=1 name=heartbeat] Node 1 disconnected. (org.apache.kafka.clients.NetworkClient)
[2025-05-06 23:24:26,746] INFO [SocketServer listenerType=CONTROLLER, nodeId=1] Stopped socket server request processors (kafka.network.SocketServer)
[2025-05-06 23:24:26,746] INFO [QuorumController id=1] QuorumController#beginShutdown: shutting down event queue. (org.apache.kafka.queue.KafkaEventQueue)
[2025-05-06 23:24:26,747] INFO [SocketServer listenerType=CONTROLLER, nodeId=1] Shutting down socket server (kafka.network.SocketServer)
[2025-05-06 23:24:26,755] INFO [SocketServer listenerType=CONTROLLER, nodeId=1] Shutdown completed (kafka.network.SocketServer)
[2025-05-06 23:24:26,756] INFO [data-plane Kafka Request Handler on Broker 1], shutting down (kafka.server.KafkaRequestHandlerPool)
[2025-05-06 23:24:26,758] INFO [data-plane Kafka Request Handler on Broker 1], shut down completely (kafka.server.KafkaRequestHandlerPool)
[2025-05-06 23:24:26,758] INFO [ExpirationReaper-0-null]: Shutting down (org.apache.kafka.server.purgatory.DelayedOperationPurgatory$ExpiredOperationReaper)
[2025-05-06 23:24:26,760] INFO [ExpirationReaper-0-null]: Stopped (org.apache.kafka.server.purgatory.DelayedOperationPurgatory$ExpiredOperationReaper)
[2025-05-06 23:24:26,760] INFO [ExpirationReaper-0-null]: Shutdown completed (org.apache.kafka.server.purgatory.DelayedOperationPurgatory$ExpiredOperationReaper)
[2025-05-06 23:24:26,761] INFO [controller-1-ThrottledChannelReaper-Fetch]: Shutting down (kafka.server.ClientQuotaManager$ThrottledChannelReaper)
[2025-05-06 23:24:26,762] INFO [controller-1-ThrottledChannelReaper-Fetch]: Stopped (kafka.server.ClientQuotaManager$ThrottledChannelReaper)
[2025-05-06 23:24:26,762] INFO [controller-1-ThrottledChannelReaper-Fetch]: Shutdown completed (kafka.server.ClientQuotaManager$ThrottledChannelReaper)
[2025-05-06 23:24:26,762] INFO [controller-1-ThrottledChannelReaper-Produce]: Shutting down (kafka.server.ClientQuotaManager$ThrottledChannelReaper)
[2025-05-06 23:24:26,762] INFO [controller-1-ThrottledChannelReaper-Produce]: Shutdown completed (kafka.server.ClientQuotaManager$ThrottledChannelReaper)
[2025-05-06 23:24:26,762] INFO [controller-1-ThrottledChannelReaper-Produce]: Stopped (kafka.server.ClientQuotaManager$ThrottledChannelReaper)
[2025-05-06 23:24:26,762] INFO [controller-1-ThrottledChannelReaper-Request]: Shutting down (kafka.server.ClientQuotaManager$ThrottledChannelReaper)
[2025-05-06 23:24:26,763] INFO [controller-1-ThrottledChannelReaper-Request]: Shutdown completed (kafka.server.ClientQuotaManager$ThrottledChannelReaper)
[2025-05-06 23:24:26,763] INFO [controller-1-ThrottledChannelReaper-Request]: Stopped (kafka.server.ClientQuotaManager$ThrottledChannelReaper)
[2025-05-06 23:24:26,763] INFO [controller-1-ThrottledChannelReaper-ControllerMutation]: Shutting down (kafka.server.ClientQuotaManager$ThrottledChannelReaper)
[2025-05-06 23:24:26,763] INFO [controller-1-ThrottledChannelReaper-ControllerMutation]: Stopped (kafka.server.ClientQuotaManager$ThrottledChannelReaper)
[2025-05-06 23:24:26,763] INFO [controller-1-ThrottledChannelReaper-ControllerMutation]: Shutdown completed (kafka.server.ClientQuotaManager$ThrottledChannelReaper)
[2025-05-06 23:24:26,764] INFO [QuorumController id=1] closed event queue. (org.apache.kafka.queue.KafkaEventQueue)
[2025-05-06 23:24:26,766] INFO App info kafka.server for 1 unregistered (org.apache.kafka.common.utils.AppInfoParser)
